{"C:\\Users\\ispun\\OneDrive\\Документы\\GitHub\\sales-bonus\\stellar-burgers\\src\\index.tsx": {"path":"C:\\Users\\ispun\\OneDrive\\Документы\\GitHub\\sales-bonus\\stellar-burgers\\src\\index.tsx","statementMap":{"0":{"start":{"line":1,"column":0},"end":{"line":1,"column":26}},"1":{"start":{"line":2,"column":0},"end":{"line":2,"column":51}},"2":{"start":{"line":3,"column":0},"end":{"line":3,"column":39}},"3":{"start":{"line":4,"column":0},"end":{"line":4,"column":49}},"4":{"start":{"line":5,"column":0},"end":{"line":5,"column":39}},"5":{"start":{"line":6,"column":0},"end":{"line":6,"column":37}},"6":{"start":{"line":8,"column":18},"end":{"line":8,"column":64}},"7":{"start":{"line":9,"column":13},"end":{"line":9,"column":50}},"8":{"start":{"line":11,"column":0},"end":{"line":19,"column":2}}},"fnMap":{},"branchMap":{},"s":{"0":0,"1":0,"2":0,"3":0,"4":0,"5":0,"6":0,"7":0,"8":0},"f":{},"b":{}}
,"C:\\Users\\ispun\\OneDrive\\Документы\\GitHub\\sales-bonus\\stellar-burgers\\src\\components\\index.ts": {"path":"C:\\Users\\ispun\\OneDrive\\Документы\\GitHub\\sales-bonus\\stellar-burgers\\src\\components\\index.ts","statementMap":{"0":{"start":{"line":1,"column":0},"end":{"line":1,"column":29}},"1":{"start":{"line":2,"column":0},"end":{"line":2,"column":37}},"2":{"start":{"line":3,"column":0},"end":{"line":3,"column":45}},"3":{"start":{"line":4,"column":0},"end":{"line":4,"column":36}},"4":{"start":{"line":5,"column":0},"end":{"line":5,"column":37}},"5":{"start":{"line":6,"column":0},"end":{"line":6,"column":28}},"6":{"start":{"line":7,"column":0},"end":{"line":7,"column":37}},"7":{"start":{"line":8,"column":0},"end":{"line":8,"column":39}},"8":{"start":{"line":9,"column":0},"end":{"line":9,"column":24}},"9":{"start":{"line":10,"column":0},"end":{"line":10,"column":29}},"10":{"start":{"line":11,"column":0},"end":{"line":11,"column":29}},"11":{"start":{"line":12,"column":0},"end":{"line":12,"column":31}},"12":{"start":{"line":13,"column":0},"end":{"line":13,"column":30}},"13":{"start":{"line":14,"column":0},"end":{"line":14,"column":31}}},"fnMap":{},"branchMap":{},"s":{"0":0,"1":0,"2":0,"3":0,"4":0,"5":0,"6":0,"7":0,"8":0,"9":0,"10":0,"11":0,"12":0,"13":0},"f":{},"b":{}}
,"C:\\Users\\ispun\\OneDrive\\Документы\\GitHub\\sales-bonus\\stellar-burgers\\src\\components\\app\\app.tsx": {"path":"C:\\Users\\ispun\\OneDrive\\Документы\\GitHub\\sales-bonus\\stellar-burgers\\src\\components\\app\\app.tsx","statementMap":{"0":{"start":{"line":1,"column":0},"end":{"line":1,"column":75}},"1":{"start":{"line":2,"column":0},"end":{"line":2,"column":64}},"2":{"start":{"line":3,"column":0},"end":{"line":3,"column":44}},"3":{"start":{"line":4,"column":0},"end":{"line":4,"column":null}},"4":{"start":{"line":15,"column":0},"end":{"line":15,"column":77}},"5":{"start":{"line":16,"column":0},"end":{"line":16,"column":65}},"6":{"start":{"line":17,"column":0},"end":{"line":17,"column":64}},"7":{"start":{"line":18,"column":0},"end":{"line":18,"column":52}},"8":{"start":{"line":23,"column":0},"end":{"line":23,"column":25}},"9":{"start":{"line":24,"column":0},"end":{"line":24,"column":38}},"10":{"start":{"line":26,"column":12},"end":{"line":155,"column":1}},"11":{"start":{"line":27,"column":19},"end":{"line":27,"column":32}},"12":{"start":{"line":28,"column":19},"end":{"line":28,"column":32}},"13":{"start":{"line":29,"column":19},"end":{"line":29,"column":32}},"14":{"start":{"line":30,"column":21},"end":{"line":30,"column":47}},"15":{"start":{"line":31,"column":15},"end":{"line":31,"column":35}},"16":{"start":{"line":32,"column":40},"end":{"line":32,"column":55}},"17":{"start":{"line":32,"column":20},"end":{"line":32,"column":22}},"18":{"start":{"line":32,"column":36},"end":{"line":32,"column":40}},"19":{"start":{"line":34,"column":2},"end":{"line":41,"column":30}},"20":{"start":{"line":35,"column":4},"end":{"line":35,"column":28}},"21":{"start":{"line":35,"column":21},"end":{"line":35,"column":28}},"22":{"start":{"line":37,"column":4},"end":{"line":37,"column":33}},"23":{"start":{"line":38,"column":4},"end":{"line":38,"column":30}},"24":{"start":{"line":40,"column":4},"end":{"line":40,"column":25}},"25":{"start":{"line":43,"column":27},"end":{"line":45,"column":3}},"26":{"start":{"line":44,"column":4},"end":{"line":44,"column":17}},"27":{"start":{"line":47,"column":2},"end":{"line":154,"column":4}},"28":{"start":{"line":157,"column":0},"end":{"line":157,"column":19}}},"fnMap":{"0":{"name":"(anonymous_1)","decl":{"start":{"line":26,"column":12},"end":{"line":26,"column":null}},"loc":{"start":{"line":26,"column":12},"end":{"line":155,"column":1}}},"1":{"name":"(anonymous_2)","decl":{"start":{"line":34,"column":12},"end":{"line":34,"column":null}},"loc":{"start":{"line":34,"column":12},"end":{"line":41,"column":3}}},"2":{"name":"(anonymous_3)","decl":{"start":{"line":43,"column":27},"end":{"line":43,"column":null}},"loc":{"start":{"line":43,"column":27},"end":{"line":45,"column":3}}}},"branchMap":{"0":{"loc":{"start":{"line":30,"column":21},"end":{"line":30,"column":47}},"type":"cond-expr","locations":[{"start":{"line":30,"column":35},"end":{"line":30,"column":37}},{"start":{"line":30,"column":35},"end":{"line":30,"column":47}}]},"1":{"loc":{"start":{"line":30,"column":21},"end":{"line":30,"column":37}},"type":"binary-expr","locations":[{"start":{"line":30,"column":21},"end":{"line":30,"column":37}},{"start":{"line":30,"column":35},"end":{"line":30,"column":37}}]},"2":{"loc":{"start":{"line":35,"column":4},"end":{"line":35,"column":28}},"type":"if","locations":[{"start":{"line":35,"column":4},"end":{"line":35,"column":28}}]},"3":{"loc":{"start":{"line":51,"column":24},"end":{"line":51,"column":46}},"type":"binary-expr","locations":[{"start":{"line":51,"column":24},"end":{"line":51,"column":34}},{"start":{"line":51,"column":38},"end":{"line":51,"column":46}}]},"4":{"loc":{"start":{"line":123,"column":7},"end":{"line":151,"column":null}},"type":"binary-expr","locations":[{"start":{"line":123,"column":7},"end":{"line":123,"column":17}},{"start":{"line":124,"column":8},"end":{"line":150,"column":null}}]}},"s":{"0":0,"1":0,"2":0,"3":0,"4":0,"5":0,"6":0,"7":0,"8":0,"9":0,"10":0,"11":0,"12":0,"13":0,"14":0,"15":0,"16":0,"17":0,"18":0,"19":0,"20":0,"21":0,"22":0,"23":0,"24":0,"25":0,"26":0,"27":0,"28":0},"f":{"0":0,"1":0,"2":0},"b":{"0":[0,0],"1":[0,0],"2":[0],"3":[0,0],"4":[0,0]}}
,"C:\\Users\\ispun\\OneDrive\\Документы\\GitHub\\sales-bonus\\stellar-burgers\\src\\components\\app-header\\app-header.tsx": {"path":"C:\\Users\\ispun\\OneDrive\\Документы\\GitHub\\sales-bonus\\stellar-burgers\\src\\components\\app-header\\app-header.tsx","statementMap":{"0":{"start":{"line":2,"column":0},"end":{"line":2,"column":34}},"1":{"start":{"line":3,"column":0},"end":{"line":3,"column":51}},"2":{"start":{"line":4,"column":0},"end":{"line":4,"column":49}},"3":{"start":{"line":6,"column":29},"end":{"line":11,"column":1}},"4":{"start":{"line":7,"column":15},"end":{"line":7,"column":35}},"5":{"start":{"line":8,"column":19},"end":{"line":8,"column":40}},"6":{"start":{"line":10,"column":2},"end":{"line":10,"column":45}},"7":{"start":{"line":6,"column":13},"end":{"line":6,"column":29}}},"fnMap":{"0":{"name":"(anonymous_0)","decl":{"start":{"line":6,"column":29},"end":{"line":6,"column":null}},"loc":{"start":{"line":6,"column":29},"end":{"line":11,"column":1}}}},"branchMap":{"0":{"loc":{"start":{"line":8,"column":19},"end":{"line":8,"column":40}},"type":"cond-expr","locations":[{"start":{"line":8,"column":26},"end":{"line":8,"column":35}},{"start":{"line":8,"column":38},"end":{"line":8,"column":40}}]}},"s":{"0":0,"1":0,"2":0,"3":0,"4":0,"5":0,"6":0,"7":0},"f":{"0":0},"b":{"0":[0,0]}}
,"C:\\Users\\ispun\\OneDrive\\Документы\\GitHub\\sales-bonus\\stellar-burgers\\src\\components\\app-header\\index.ts": {"path":"C:\\Users\\ispun\\OneDrive\\Документы\\GitHub\\sales-bonus\\stellar-burgers\\src\\components\\app-header\\index.ts","statementMap":{"0":{"start":{"line":1,"column":0},"end":{"line":1,"column":9}},"1":{"start":{"line":1,"column":9},"end":{"line":1,"column":41}}},"fnMap":{"0":{"name":"(anonymous_0)","decl":{"start":{"line":1,"column":9},"end":{"line":1,"column":18}},"loc":{"start":{"line":1,"column":9},"end":{"line":1,"column":41}}}},"branchMap":{},"s":{"0":0,"1":0},"f":{"0":0},"b":{}}
,"C:\\Users\\ispun\\OneDrive\\Документы\\GitHub\\sales-bonus\\stellar-burgers\\src\\components\\burger-constructor\\burger-constructor.tsx": {"path":"C:\\Users\\ispun\\OneDrive\\Документы\\GitHub\\sales-bonus\\stellar-burgers\\src\\components\\burger-constructor\\burger-constructor.tsx","statementMap":{"0":{"start":{"line":1,"column":0},"end":{"line":1,"column":36}},"1":{"start":{"line":2,"column":0},"end":{"line":2,"column":47}},"2":{"start":{"line":4,"column":0},"end":{"line":4,"column":42}},"3":{"start":{"line":5,"column":0},"end":{"line":5,"column":64}},"4":{"start":{"line":6,"column":0},"end":{"line":6,"column":null}},"5":{"start":{"line":12,"column":0},"end":{"line":12,"column":null}},"6":{"start":{"line":17,"column":0},"end":{"line":17,"column":49}},"7":{"start":{"line":19,"column":37},"end":{"line":88,"column":1}},"8":{"start":{"line":20,"column":19},"end":{"line":20,"column":32}},"9":{"start":{"line":21,"column":19},"end":{"line":21,"column":32}},"10":{"start":{"line":23,"column":14},"end":{"line":23,"column":44}},"11":{"start":{"line":24,"column":22},"end":{"line":25,"column":null}},"12":{"start":{"line":27,"column":23},"end":{"line":27,"column":51}},"13":{"start":{"line":28,"column":25},"end":{"line":28,"column":55}},"14":{"start":{"line":29,"column":15},"end":{"line":29,"column":35}},"15":{"start":{"line":31,"column":27},"end":{"line":34,"column":4}},"16":{"start":{"line":36,"column":23},"end":{"line":62,"column":3}},"17":{"start":{"line":37,"column":4},"end":{"line":39,"column":5}},"18":{"start":{"line":38,"column":6},"end":{"line":38,"column":13}},"19":{"start":{"line":41,"column":4},"end":{"line":44,"column":5}},"20":{"start":{"line":42,"column":6},"end":{"line":42,"column":25}},"21":{"start":{"line":43,"column":6},"end":{"line":43,"column":13}},"22":{"start":{"line":46,"column":20},"end":{"line":52,"column":6}},"23":{"start":{"line":49,"column":48},"end":{"line":49,"column":null}},"24":{"start":{"line":54,"column":4},"end":{"line":61,"column":9}},"25":{"start":{"line":57,"column":8},"end":{"line":57,"column":37}},"26":{"start":{"line":60,"column":8},"end":{"line":60,"column":56}},"27":{"start":{"line":64,"column":26},"end":{"line":66,"column":3}},"28":{"start":{"line":65,"column":4},"end":{"line":65,"column":27}},"29":{"start":{"line":68,"column":16},"end":{"line":75,"column":null}},"30":{"start":{"line":70,"column":6},"end":{"line":74,"column":null}},"31":{"start":{"line":72,"column":50},"end":{"line":72,"column":null}},"32":{"start":{"line":78,"column":2},"end":{"line":87,"column":4}},"33":{"start":{"line":19,"column":13},"end":{"line":19,"column":37}}},"fnMap":{"0":{"name":"(anonymous_1)","decl":{"start":{"line":19,"column":37},"end":{"line":19,"column":null}},"loc":{"start":{"line":19,"column":37},"end":{"line":88,"column":1}}},"1":{"name":"(anonymous_2)","decl":{"start":{"line":36,"column":23},"end":{"line":36,"column":null}},"loc":{"start":{"line":36,"column":23},"end":{"line":62,"column":3}}},"2":{"name":"(anonymous_3)","decl":{"start":{"line":49,"column":8},"end":{"line":49,"column":9}},"loc":{"start":{"line":49,"column":43},"end":{"line":49,"column":58}}},"3":{"name":"(anonymous_4)","decl":{"start":{"line":56,"column":12},"end":{"line":56,"column":null}},"loc":{"start":{"line":56,"column":12},"end":{"line":58,"column":7}}},"4":{"name":"(anonymous_5)","decl":{"start":{"line":59,"column":13},"end":{"line":59,"column":14}},"loc":{"start":{"line":59,"column":19},"end":{"line":61,"column":7}}},"5":{"name":"(anonymous_6)","decl":{"start":{"line":64,"column":26},"end":{"line":64,"column":null}},"loc":{"start":{"line":64,"column":26},"end":{"line":66,"column":3}}},"6":{"name":"(anonymous_7)","decl":{"start":{"line":69,"column":4},"end":{"line":69,"column":null}},"loc":{"start":{"line":69,"column":4},"end":{"line":70,"column":7}}},"7":{"name":"(anonymous_8)","decl":{"start":{"line":72,"column":8},"end":{"line":72,"column":9}},"loc":{"start":{"line":72,"column":45},"end":{"line":72,"column":51}}}},"branchMap":{"0":{"loc":{"start":{"line":37,"column":4},"end":{"line":39,"column":5}},"type":"if","locations":[{"start":{"line":37,"column":4},"end":{"line":39,"column":5}}]},"1":{"loc":{"start":{"line":37,"column":8},"end":{"line":37,"column":28}},"type":"binary-expr","locations":[{"start":{"line":37,"column":8},"end":{"line":37,"column":12}},{"start":{"line":37,"column":16},"end":{"line":37,"column":28}}]},"2":{"loc":{"start":{"line":41,"column":4},"end":{"line":44,"column":5}},"type":"if","locations":[{"start":{"line":41,"column":4},"end":{"line":44,"column":5}}]},"3":{"loc":{"start":{"line":70,"column":7},"end":{"line":70,"column":30}},"type":"cond-expr","locations":[{"start":{"line":70,"column":13},"end":{"line":70,"column":26}},{"start":{"line":70,"column":29},"end":{"line":70,"column":30}}]}},"s":{"0":0,"1":0,"2":0,"3":0,"4":0,"5":0,"6":0,"7":0,"8":0,"9":0,"10":0,"11":0,"12":0,"13":0,"14":0,"15":0,"16":0,"17":0,"18":0,"19":0,"20":0,"21":0,"22":0,"23":0,"24":0,"25":0,"26":0,"27":0,"28":0,"29":0,"30":0,"31":0,"32":0,"33":0},"f":{"0":0,"1":0,"2":0,"3":0,"4":0,"5":0,"6":0,"7":0},"b":{"0":[0],"1":[0,0],"2":[0],"3":[0,0]}}
,"C:\\Users\\ispun\\OneDrive\\Документы\\GitHub\\sales-bonus\\stellar-burgers\\src\\components\\burger-constructor\\index.ts": {"path":"C:\\Users\\ispun\\OneDrive\\Документы\\GitHub\\sales-bonus\\stellar-burgers\\src\\components\\burger-constructor\\index.ts","statementMap":{"0":{"start":{"line":1,"column":0},"end":{"line":1,"column":9}},"1":{"start":{"line":1,"column":9},"end":{"line":1,"column":57}}},"fnMap":{"0":{"name":"(anonymous_0)","decl":{"start":{"line":1,"column":9},"end":{"line":1,"column":26}},"loc":{"start":{"line":1,"column":9},"end":{"line":1,"column":57}}}},"branchMap":{},"s":{"0":0,"1":0},"f":{"0":0},"b":{}}
,"C:\\Users\\ispun\\OneDrive\\Документы\\GitHub\\sales-bonus\\stellar-burgers\\src\\components\\burger-constructor-element\\burger-constructor-element.tsx": {"path":"C:\\Users\\ispun\\OneDrive\\Документы\\GitHub\\sales-bonus\\stellar-burgers\\src\\components\\burger-constructor-element\\burger-constructor-element.tsx","statementMap":{"0":{"start":{"line":1,"column":0},"end":{"line":1,"column":33}},"1":{"start":{"line":2,"column":0},"end":{"line":2,"column":51}},"2":{"start":{"line":3,"column":0},"end":{"line":3,"column":49}},"3":{"start":{"line":5,"column":0},"end":{"line":5,"column":null}},"4":{"start":{"line":11,"column":13},"end":{"line":38,"column":2}},"5":{"start":{"line":12,"column":15},"end":{"line":12,"column":17}},"6":{"start":{"line":12,"column":22},"end":{"line":12,"column":24}},"7":{"start":{"line":12,"column":34},"end":{"line":12,"column":36}},"8":{"start":{"line":13,"column":21},"end":{"line":13,"column":34}},"9":{"start":{"line":15,"column":25},"end":{"line":17,"column":5}},"10":{"start":{"line":16,"column":6},"end":{"line":16,"column":40}},"11":{"start":{"line":19,"column":27},"end":{"line":21,"column":5}},"12":{"start":{"line":20,"column":6},"end":{"line":20,"column":42}},"13":{"start":{"line":23,"column":24},"end":{"line":25,"column":5}},"14":{"start":{"line":24,"column":6},"end":{"line":24,"column":48}},"15":{"start":{"line":27,"column":4},"end":{"line":36,"column":6}}},"fnMap":{"0":{"name":"(anonymous_0)","decl":{"start":{"line":12,"column":2},"end":{"line":12,"column":3}},"loc":{"start":{"line":12,"column":36},"end":{"line":37,"column":3}}},"1":{"name":"(anonymous_1)","decl":{"start":{"line":15,"column":25},"end":{"line":15,"column":null}},"loc":{"start":{"line":15,"column":25},"end":{"line":17,"column":5}}},"2":{"name":"(anonymous_2)","decl":{"start":{"line":19,"column":27},"end":{"line":19,"column":null}},"loc":{"start":{"line":19,"column":27},"end":{"line":21,"column":5}}},"3":{"name":"(anonymous_3)","decl":{"start":{"line":23,"column":24},"end":{"line":23,"column":null}},"loc":{"start":{"line":23,"column":24},"end":{"line":25,"column":5}}}},"branchMap":{},"s":{"0":0,"1":0,"2":0,"3":0,"4":0,"5":0,"6":0,"7":0,"8":0,"9":0,"10":0,"11":0,"12":0,"13":0,"14":0,"15":0},"f":{"0":0,"1":0,"2":0,"3":0},"b":{}}
,"C:\\Users\\ispun\\OneDrive\\Документы\\GitHub\\sales-bonus\\stellar-burgers\\src\\components\\burger-constructor-element\\index.ts": {"path":"C:\\Users\\ispun\\OneDrive\\Документы\\GitHub\\sales-bonus\\stellar-burgers\\src\\components\\burger-constructor-element\\index.ts","statementMap":{"0":{"start":{"line":1,"column":0},"end":{"line":1,"column":9}},"1":{"start":{"line":1,"column":9},"end":{"line":1,"column":72}}},"fnMap":{"0":{"name":"(anonymous_0)","decl":{"start":{"line":1,"column":9},"end":{"line":1,"column":33}},"loc":{"start":{"line":1,"column":9},"end":{"line":1,"column":72}}}},"branchMap":{},"s":{"0":0,"1":0},"f":{"0":0},"b":{}}
,"C:\\Users\\ispun\\OneDrive\\Документы\\GitHub\\sales-bonus\\stellar-burgers\\src\\components\\burger-ingredient\\burger-ingredient.tsx": {"path":"C:\\Users\\ispun\\OneDrive\\Документы\\GitHub\\sales-bonus\\stellar-burgers\\src\\components\\burger-ingredient\\burger-ingredient.tsx","statementMap":{"0":{"start":{"line":1,"column":0},"end":{"line":1,"column":33}},"1":{"start":{"line":2,"column":0},"end":{"line":2,"column":36}},"2":{"start":{"line":3,"column":0},"end":{"line":3,"column":60}},"3":{"start":{"line":4,"column":0},"end":{"line":4,"column":51}},"4":{"start":{"line":5,"column":0},"end":{"line":5,"column":41}},"5":{"start":{"line":7,"column":0},"end":{"line":7,"column":70}},"6":{"start":{"line":9,"column":13},"end":{"line":46,"column":2}},"7":{"start":{"line":10,"column":15},"end":{"line":10,"column":17}},"8":{"start":{"line":10,"column":22},"end":{"line":10,"column":24}},"9":{"start":{"line":11,"column":21},"end":{"line":11,"column":34}},"10":{"start":{"line":12,"column":21},"end":{"line":12,"column":34}},"11":{"start":{"line":13,"column":21},"end":{"line":13,"column":34}},"12":{"start":{"line":15,"column":34},"end":{"line":19,"column":5}},"13":{"start":{"line":16,"column":6},"end":{"line":18,"column":9}},"14":{"start":{"line":21,"column":22},"end":{"line":33,"column":5}},"15":{"start":{"line":22,"column":6},"end":{"line":32,"column":7}},"16":{"start":{"line":23,"column":8},"end":{"line":23,"column":37}},"17":{"start":{"line":25,"column":19},"end":{"line":25,"column":27}},"18":{"start":{"line":26,"column":8},"end":{"line":31,"column":10}},"19":{"start":{"line":35,"column":4},"end":{"line":44,"column":6}}},"fnMap":{"0":{"name":"(anonymous_2)","decl":{"start":{"line":10,"column":2},"end":{"line":10,"column":3}},"loc":{"start":{"line":10,"column":24},"end":{"line":45,"column":3}}},"1":{"name":"(anonymous_3)","decl":{"start":{"line":15,"column":34},"end":{"line":15,"column":null}},"loc":{"start":{"line":15,"column":34},"end":{"line":19,"column":5}}},"2":{"name":"(anonymous_4)","decl":{"start":{"line":21,"column":22},"end":{"line":21,"column":null}},"loc":{"start":{"line":21,"column":22},"end":{"line":33,"column":5}}}},"branchMap":{"0":{"loc":{"start":{"line":22,"column":6},"end":{"line":32,"column":7}},"type":"if","locations":[{"start":{"line":22,"column":6},"end":{"line":32,"column":7}},{"start":{"line":24,"column":13},"end":{"line":32,"column":7}}]}},"s":{"0":0,"1":0,"2":0,"3":0,"4":0,"5":0,"6":0,"7":0,"8":0,"9":0,"10":0,"11":0,"12":0,"13":0,"14":0,"15":0,"16":0,"17":0,"18":0,"19":0},"f":{"0":0,"1":0,"2":0},"b":{"0":[0,0]}}
,"C:\\Users\\ispun\\OneDrive\\Документы\\GitHub\\sales-bonus\\stellar-burgers\\src\\components\\burger-ingredient\\index.ts": {"path":"C:\\Users\\ispun\\OneDrive\\Документы\\GitHub\\sales-bonus\\stellar-burgers\\src\\components\\burger-ingredient\\index.ts","statementMap":{"0":{"start":{"line":1,"column":0},"end":{"line":1,"column":9}},"1":{"start":{"line":1,"column":9},"end":{"line":1,"column":55}}},"fnMap":{"0":{"name":"(anonymous_0)","decl":{"start":{"line":1,"column":9},"end":{"line":1,"column":25}},"loc":{"start":{"line":1,"column":9},"end":{"line":1,"column":55}}}},"branchMap":{},"s":{"0":0,"1":0},"f":{"0":0},"b":{}}
,"C:\\Users\\ispun\\OneDrive\\Документы\\GitHub\\sales-bonus\\stellar-burgers\\src\\components\\burger-ingredients\\burger-ingredients.tsx": {"path":"C:\\Users\\ispun\\OneDrive\\Документы\\GitHub\\sales-bonus\\stellar-burgers\\src\\components\\burger-ingredients\\burger-ingredients.tsx","statementMap":{"0":{"start":{"line":1,"column":0},"end":{"line":1,"column":56}},"1":{"start":{"line":2,"column":0},"end":{"line":2,"column":51}},"2":{"start":{"line":3,"column":0},"end":{"line":3,"column":56}},"3":{"start":{"line":5,"column":0},"end":{"line":5,"column":63}},"4":{"start":{"line":6,"column":0},"end":{"line":6,"column":77}},"5":{"start":{"line":8,"column":37},"end":{"line":65,"column":1}},"6":{"start":{"line":9,"column":15},"end":{"line":9,"column":35}},"7":{"start":{"line":10,"column":16},"end":{"line":10,"column":37}},"8":{"start":{"line":11,"column":17},"end":{"line":11,"column":39}},"9":{"start":{"line":13,"column":38},"end":{"line":13,"column":63}},"10":{"start":{"line":13,"column":19},"end":{"line":13,"column":21}},"11":{"start":{"line":13,"column":34},"end":{"line":13,"column":38}},"12":{"start":{"line":14,"column":22},"end":{"line":14,"column":54}},"13":{"start":{"line":15,"column":23},"end":{"line":15,"column":55}},"14":{"start":{"line":16,"column":25},"end":{"line":16,"column":57}},"15":{"start":{"line":18,"column":32},"end":{"line":20,"column":4}},"16":{"start":{"line":18,"column":16},"end":{"line":18,"column":18}},"17":{"start":{"line":18,"column":28},"end":{"line":18,"column":32}},"18":{"start":{"line":22,"column":36},"end":{"line":24,"column":4}},"19":{"start":{"line":22,"column":17},"end":{"line":22,"column":19}},"20":{"start":{"line":22,"column":32},"end":{"line":22,"column":36}},"21":{"start":{"line":26,"column":36},"end":{"line":28,"column":4}},"22":{"start":{"line":26,"column":18},"end":{"line":26,"column":20}},"23":{"start":{"line":26,"column":32},"end":{"line":26,"column":36}},"24":{"start":{"line":30,"column":2},"end":{"line":38,"column":48}},"25":{"start":{"line":31,"column":4},"end":{"line":37,"column":5}},"26":{"start":{"line":32,"column":6},"end":{"line":32,"column":27}},"27":{"start":{"line":33,"column":11},"end":{"line":37,"column":5}},"28":{"start":{"line":34,"column":6},"end":{"line":34,"column":29}},"29":{"start":{"line":35,"column":11},"end":{"line":37,"column":5}},"30":{"start":{"line":36,"column":6},"end":{"line":36,"column":28}},"31":{"start":{"line":40,"column":21},"end":{"line":48,"column":3}},"32":{"start":{"line":41,"column":4},"end":{"line":41,"column":35}},"33":{"start":{"line":42,"column":4},"end":{"line":43,"column":66}},"34":{"start":{"line":43,"column":6},"end":{"line":43,"column":66}},"35":{"start":{"line":44,"column":4},"end":{"line":45,"column":67}},"36":{"start":{"line":45,"column":6},"end":{"line":45,"column":67}},"37":{"start":{"line":46,"column":4},"end":{"line":47,"column":69}},"38":{"start":{"line":47,"column":6},"end":{"line":47,"column":69}},"39":{"start":{"line":50,"column":2},"end":{"line":64,"column":4}},"40":{"start":{"line":8,"column":13},"end":{"line":8,"column":37}}},"fnMap":{"0":{"name":"(anonymous_0)","decl":{"start":{"line":8,"column":37},"end":{"line":8,"column":null}},"loc":{"start":{"line":8,"column":37},"end":{"line":65,"column":1}}},"1":{"name":"(anonymous_1)","decl":{"start":{"line":30,"column":12},"end":{"line":30,"column":null}},"loc":{"start":{"line":30,"column":12},"end":{"line":38,"column":3}}},"2":{"name":"(anonymous_2)","decl":{"start":{"line":40,"column":21},"end":{"line":40,"column":22}},"loc":{"start":{"line":40,"column":33},"end":{"line":48,"column":3}}}},"branchMap":{"0":{"loc":{"start":{"line":31,"column":4},"end":{"line":37,"column":5}},"type":"if","locations":[{"start":{"line":31,"column":4},"end":{"line":37,"column":5}},{"start":{"line":33,"column":11},"end":{"line":37,"column":5}}]},"1":{"loc":{"start":{"line":33,"column":11},"end":{"line":37,"column":5}},"type":"if","locations":[{"start":{"line":33,"column":11},"end":{"line":37,"column":5}},{"start":{"line":35,"column":11},"end":{"line":37,"column":5}}]},"2":{"loc":{"start":{"line":35,"column":11},"end":{"line":37,"column":5}},"type":"if","locations":[{"start":{"line":35,"column":11},"end":{"line":37,"column":5}}]},"3":{"loc":{"start":{"line":42,"column":4},"end":{"line":43,"column":66}},"type":"if","locations":[{"start":{"line":42,"column":4},"end":{"line":43,"column":66}}]},"4":{"loc":{"start":{"line":43,"column":6},"end":{"line":43,"column":65}},"type":"cond-expr","locations":[{"start":{"line":43,"column":25},"end":{"line":43,"column":27}},{"start":{"line":43,"column":25},"end":{"line":43,"column":65}}]},"5":{"loc":{"start":{"line":43,"column":6},"end":{"line":43,"column":27}},"type":"binary-expr","locations":[{"start":{"line":43,"column":6},"end":{"line":43,"column":27}},{"start":{"line":43,"column":25},"end":{"line":43,"column":27}}]},"6":{"loc":{"start":{"line":44,"column":4},"end":{"line":45,"column":67}},"type":"if","locations":[{"start":{"line":44,"column":4},"end":{"line":45,"column":67}}]},"7":{"loc":{"start":{"line":45,"column":6},"end":{"line":45,"column":66}},"type":"cond-expr","locations":[{"start":{"line":45,"column":26},"end":{"line":45,"column":28}},{"start":{"line":45,"column":26},"end":{"line":45,"column":66}}]},"8":{"loc":{"start":{"line":45,"column":6},"end":{"line":45,"column":28}},"type":"binary-expr","locations":[{"start":{"line":45,"column":6},"end":{"line":45,"column":28}},{"start":{"line":45,"column":26},"end":{"line":45,"column":28}}]},"9":{"loc":{"start":{"line":46,"column":4},"end":{"line":47,"column":69}},"type":"if","locations":[{"start":{"line":46,"column":4},"end":{"line":47,"column":69}}]},"10":{"loc":{"start":{"line":47,"column":6},"end":{"line":47,"column":68}},"type":"cond-expr","locations":[{"start":{"line":47,"column":28},"end":{"line":47,"column":30}},{"start":{"line":47,"column":28},"end":{"line":47,"column":68}}]},"11":{"loc":{"start":{"line":47,"column":6},"end":{"line":47,"column":30}},"type":"binary-expr","locations":[{"start":{"line":47,"column":6},"end":{"line":47,"column":30}},{"start":{"line":47,"column":28},"end":{"line":47,"column":30}}]}},"s":{"0":0,"1":0,"2":0,"3":0,"4":0,"5":0,"6":0,"7":0,"8":0,"9":0,"10":0,"11":0,"12":0,"13":0,"14":0,"15":0,"16":0,"17":0,"18":0,"19":0,"20":0,"21":0,"22":0,"23":0,"24":0,"25":0,"26":0,"27":0,"28":0,"29":0,"30":0,"31":0,"32":0,"33":0,"34":0,"35":0,"36":0,"37":0,"38":0,"39":0,"40":0},"f":{"0":0,"1":0,"2":0},"b":{"0":[0,0],"1":[0,0],"2":[0],"3":[0],"4":[0,0],"5":[0,0],"6":[0],"7":[0,0],"8":[0,0],"9":[0],"10":[0,0],"11":[0,0]}}
,"C:\\Users\\ispun\\OneDrive\\Документы\\GitHub\\sales-bonus\\stellar-burgers\\src\\components\\burger-ingredients\\index.ts": {"path":"C:\\Users\\ispun\\OneDrive\\Документы\\GitHub\\sales-bonus\\stellar-burgers\\src\\components\\burger-ingredients\\index.ts","statementMap":{"0":{"start":{"line":1,"column":0},"end":{"line":1,"column":9}},"1":{"start":{"line":1,"column":9},"end":{"line":1,"column":57}}},"fnMap":{"0":{"name":"(anonymous_0)","decl":{"start":{"line":1,"column":9},"end":{"line":1,"column":26}},"loc":{"start":{"line":1,"column":9},"end":{"line":1,"column":57}}}},"branchMap":{},"s":{"0":0,"1":0},"f":{"0":0},"b":{}}
,"C:\\Users\\ispun\\OneDrive\\Документы\\GitHub\\sales-bonus\\stellar-burgers\\src\\components\\feed-info\\feed-info.tsx": {"path":"C:\\Users\\ispun\\OneDrive\\Документы\\GitHub\\sales-bonus\\stellar-burgers\\src\\components\\feed-info\\feed-info.tsx","statementMap":{"0":{"start":{"line":2,"column":0},"end":{"line":2,"column":51}},"1":{"start":{"line":4,"column":0},"end":{"line":4,"column":45}},"2":{"start":{"line":5,"column":0},"end":{"line":5,"column":null}},"3":{"start":{"line":11,"column":18},"end":{"line":12,"column":8}},"4":{"start":{"line":12,"column":2},"end":{"line":15,"column":18}},"5":{"start":{"line":13,"column":22},"end":{"line":13,"column":45}},"6":{"start":{"line":14,"column":19},"end":{"line":14,"column":31}},"7":{"start":{"line":17,"column":28},"end":{"line":37,"column":1}},"8":{"start":{"line":18,"column":27},"end":{"line":18,"column":54}},"9":{"start":{"line":19,"column":16},"end":{"line":19,"column":37}},"10":{"start":{"line":20,"column":21},"end":{"line":20,"column":47}},"11":{"start":{"line":22,"column":22},"end":{"line":22,"column":47}},"12":{"start":{"line":23,"column":24},"end":{"line":23,"column":52}},"13":{"start":{"line":25,"column":15},"end":{"line":28,"column":4}},"14":{"start":{"line":30,"column":2},"end":{"line":36,"column":4}},"15":{"start":{"line":17,"column":13},"end":{"line":17,"column":28}}},"fnMap":{"0":{"name":"(anonymous_0)","decl":{"start":{"line":11,"column":18},"end":{"line":11,"column":19}},"loc":{"start":{"line":11,"column":51},"end":{"line":12,"column":8}}},"1":{"name":"(anonymous_1)","decl":{"start":{"line":13,"column":12},"end":{"line":13,"column":13}},"loc":{"start":{"line":13,"column":17},"end":{"line":13,"column":26}}},"2":{"name":"(anonymous_2)","decl":{"start":{"line":14,"column":9},"end":{"line":14,"column":10}},"loc":{"start":{"line":14,"column":14},"end":{"line":14,"column":23}}},"3":{"name":"(anonymous_3)","decl":{"start":{"line":17,"column":28},"end":{"line":17,"column":null}},"loc":{"start":{"line":17,"column":28},"end":{"line":37,"column":1}}}},"branchMap":{},"s":{"0":0,"1":0,"2":0,"3":0,"4":0,"5":0,"6":0,"7":0,"8":0,"9":0,"10":0,"11":0,"12":0,"13":0,"14":0,"15":0},"f":{"0":0,"1":0,"2":0,"3":0},"b":{}}
,"C:\\Users\\ispun\\OneDrive\\Документы\\GitHub\\sales-bonus\\stellar-burgers\\src\\components\\feed-info\\index.ts": {"path":"C:\\Users\\ispun\\OneDrive\\Документы\\GitHub\\sales-bonus\\stellar-burgers\\src\\components\\feed-info\\index.ts","statementMap":{"0":{"start":{"line":1,"column":0},"end":{"line":1,"column":9}},"1":{"start":{"line":1,"column":9},"end":{"line":1,"column":39}}},"fnMap":{"0":{"name":"(anonymous_0)","decl":{"start":{"line":1,"column":9},"end":{"line":1,"column":17}},"loc":{"start":{"line":1,"column":9},"end":{"line":1,"column":39}}}},"branchMap":{},"s":{"0":0,"1":0},"f":{"0":0},"b":{}}
,"C:\\Users\\ispun\\OneDrive\\Документы\\GitHub\\sales-bonus\\stellar-burgers\\src\\components\\ingredient-details\\index.ts": {"path":"C:\\Users\\ispun\\OneDrive\\Документы\\GitHub\\sales-bonus\\stellar-burgers\\src\\components\\ingredient-details\\index.ts","statementMap":{"0":{"start":{"line":1,"column":0},"end":{"line":1,"column":9}},"1":{"start":{"line":1,"column":9},"end":{"line":1,"column":57}}},"fnMap":{"0":{"name":"(anonymous_0)","decl":{"start":{"line":1,"column":9},"end":{"line":1,"column":26}},"loc":{"start":{"line":1,"column":9},"end":{"line":1,"column":57}}}},"branchMap":{},"s":{"0":0,"1":0},"f":{"0":0},"b":{}}
,"C:\\Users\\ispun\\OneDrive\\Документы\\GitHub\\sales-bonus\\stellar-burgers\\src\\components\\ingredient-details\\ingredient-details.tsx": {"path":"C:\\Users\\ispun\\OneDrive\\Документы\\GitHub\\sales-bonus\\stellar-burgers\\src\\components\\ingredient-details\\ingredient-details.tsx","statementMap":{"0":{"start":{"line":2,"column":0},"end":{"line":2,"column":45}},"1":{"start":{"line":3,"column":0},"end":{"line":3,"column":51}},"2":{"start":{"line":4,"column":0},"end":{"line":4,"column":48}},"3":{"start":{"line":5,"column":0},"end":{"line":5,"column":63}},"4":{"start":{"line":6,"column":0},"end":{"line":6,"column":null}},"5":{"start":{"line":11,"column":37},"end":{"line":26,"column":1}},"6":{"start":{"line":12,"column":17},"end":{"line":12,"column":45}},"7":{"start":{"line":14,"column":25},"end":{"line":14,"column":65}},"8":{"start":{"line":15,"column":29},"end":{"line":15,"column":63}},"9":{"start":{"line":17,"column":2},"end":{"line":19,"column":3}},"10":{"start":{"line":18,"column":4},"end":{"line":18,"column":25}},"11":{"start":{"line":21,"column":2},"end":{"line":23,"column":3}},"12":{"start":{"line":22,"column":4},"end":{"line":22,"column":43}},"13":{"start":{"line":25,"column":2},"end":{"line":25,"column":65}},"14":{"start":{"line":11,"column":13},"end":{"line":11,"column":37}}},"fnMap":{"0":{"name":"(anonymous_0)","decl":{"start":{"line":11,"column":37},"end":{"line":11,"column":null}},"loc":{"start":{"line":11,"column":37},"end":{"line":26,"column":1}}}},"branchMap":{"0":{"loc":{"start":{"line":14,"column":55},"end":{"line":14,"column":63}},"type":"binary-expr","locations":[{"start":{"line":14,"column":55},"end":{"line":14,"column":57}},{"start":{"line":14,"column":61},"end":{"line":14,"column":63}}]},"1":{"loc":{"start":{"line":17,"column":2},"end":{"line":19,"column":3}},"type":"if","locations":[{"start":{"line":17,"column":2},"end":{"line":19,"column":3}}]},"2":{"loc":{"start":{"line":21,"column":2},"end":{"line":23,"column":3}},"type":"if","locations":[{"start":{"line":21,"column":2},"end":{"line":23,"column":3}}]}},"s":{"0":0,"1":0,"2":0,"3":0,"4":0,"5":0,"6":0,"7":0,"8":0,"9":0,"10":0,"11":0,"12":0,"13":0,"14":0},"f":{"0":0},"b":{"0":[0,0],"1":[0],"2":[0]}}
,"C:\\Users\\ispun\\OneDrive\\Документы\\GitHub\\sales-bonus\\stellar-burgers\\src\\components\\ingredients-category\\index.ts": {"path":"C:\\Users\\ispun\\OneDrive\\Документы\\GitHub\\sales-bonus\\stellar-burgers\\src\\components\\ingredients-category\\index.ts","statementMap":{"0":{"start":{"line":1,"column":0},"end":{"line":1,"column":9}},"1":{"start":{"line":1,"column":9},"end":{"line":1,"column":61}}},"fnMap":{"0":{"name":"(anonymous_0)","decl":{"start":{"line":1,"column":9},"end":{"line":1,"column":28}},"loc":{"start":{"line":1,"column":9},"end":{"line":1,"column":61}}}},"branchMap":{},"s":{"0":0,"1":0},"f":{"0":0},"b":{}}
,"C:\\Users\\ispun\\OneDrive\\Документы\\GitHub\\sales-bonus\\stellar-burgers\\src\\components\\ingredients-category\\ingredients-category.tsx": {"path":"C:\\Users\\ispun\\OneDrive\\Документы\\GitHub\\sales-bonus\\stellar-burgers\\src\\components\\ingredients-category\\ingredients-category.tsx","statementMap":{"0":{"start":{"line":1,"column":0},"end":{"line":1,"column":44}},"1":{"start":{"line":2,"column":0},"end":{"line":2,"column":51}},"2":{"start":{"line":5,"column":0},"end":{"line":5,"column":67}},"3":{"start":{"line":6,"column":0},"end":{"line":6,"column":null}},"4":{"start":{"line":11,"column":13},"end":{"line":40,"column":3}},"5":{"start":{"line":14,"column":10},"end":{"line":14,"column":12}},"6":{"start":{"line":14,"column":20},"end":{"line":14,"column":22}},"7":{"start":{"line":14,"column":33},"end":{"line":14,"column":35}},"8":{"start":{"line":15,"column":14},"end":{"line":15,"column":44}},"9":{"start":{"line":16,"column":33},"end":{"line":16,"column":71}},"10":{"start":{"line":18,"column":30},"end":{"line":29,"column":35}},"11":{"start":{"line":19,"column":48},"end":{"line":19,"column":50}},"12":{"start":{"line":21,"column":4},"end":{"line":24,"column":7}},"13":{"start":{"line":22,"column":6},"end":{"line":22,"column":66}},"14":{"start":{"line":22,"column":37},"end":{"line":22,"column":66}},"15":{"start":{"line":23,"column":6},"end":{"line":23,"column":33}},"16":{"start":{"line":26,"column":4},"end":{"line":26,"column":35}},"17":{"start":{"line":26,"column":13},"end":{"line":26,"column":35}},"18":{"start":{"line":28,"column":4},"end":{"line":28,"column":20}},"19":{"start":{"line":31,"column":2},"end":{"line":39,"column":4}}},"fnMap":{"0":{"name":"(anonymous_0)","decl":{"start":{"line":14,"column":2},"end":{"line":14,"column":3}},"loc":{"start":{"line":14,"column":40},"end":{"line":40,"column":1}}},"1":{"name":"(anonymous_1)","decl":{"start":{"line":18,"column":38},"end":{"line":18,"column":null}},"loc":{"start":{"line":18,"column":38},"end":{"line":29,"column":3}}},"2":{"name":"(anonymous_2)","decl":{"start":{"line":21,"column":35},"end":{"line":21,"column":36}},"loc":{"start":{"line":21,"column":59},"end":{"line":24,"column":5}}}},"branchMap":{"0":{"loc":{"start":{"line":22,"column":6},"end":{"line":22,"column":66}},"type":"if","locations":[{"start":{"line":22,"column":6},"end":{"line":22,"column":66}}]},"1":{"loc":{"start":{"line":26,"column":4},"end":{"line":26,"column":35}},"type":"if","locations":[{"start":{"line":26,"column":4},"end":{"line":26,"column":35}}]}},"s":{"0":0,"1":0,"2":0,"3":0,"4":0,"5":0,"6":0,"7":0,"8":0,"9":0,"10":0,"11":0,"12":0,"13":0,"14":0,"15":0,"16":0,"17":0,"18":0,"19":0},"f":{"0":0,"1":0,"2":0},"b":{"0":[0],"1":[0]}}
,"C:\\Users\\ispun\\OneDrive\\Документы\\GitHub\\sales-bonus\\stellar-burgers\\src\\components\\modal\\index.ts": {"path":"C:\\Users\\ispun\\OneDrive\\Документы\\GitHub\\sales-bonus\\stellar-burgers\\src\\components\\modal\\index.ts","statementMap":{"0":{"start":{"line":1,"column":0},"end":{"line":1,"column":9}},"1":{"start":{"line":1,"column":9},"end":{"line":1,"column":32}}},"fnMap":{"0":{"name":"(anonymous_0)","decl":{"start":{"line":1,"column":9},"end":{"line":1,"column":14}},"loc":{"start":{"line":1,"column":9},"end":{"line":1,"column":32}}}},"branchMap":{},"s":{"0":0,"1":0},"f":{"0":0},"b":{}}
,"C:\\Users\\ispun\\OneDrive\\Документы\\GitHub\\sales-bonus\\stellar-burgers\\src\\components\\modal\\modal.tsx": {"path":"C:\\Users\\ispun\\OneDrive\\Документы\\GitHub\\sales-bonus\\stellar-burgers\\src\\components\\modal\\modal.tsx","statementMap":{"0":{"start":{"line":1,"column":0},"end":{"line":1,"column":44}},"1":{"start":{"line":2,"column":0},"end":{"line":2,"column":33}},"2":{"start":{"line":5,"column":0},"end":{"line":5,"column":30}},"3":{"start":{"line":7,"column":18},"end":{"line":7,"column":51}},"4":{"start":{"line":9,"column":13},"end":{"line":27,"column":3}},"5":{"start":{"line":9,"column":51},"end":{"line":9,"column":53}},"6":{"start":{"line":9,"column":60},"end":{"line":9,"column":62}},"7":{"start":{"line":9,"column":70},"end":{"line":9,"column":72}},"8":{"start":{"line":10,"column":2},"end":{"line":19,"column":16}},"9":{"start":{"line":11,"column":22},"end":{"line":13,"column":5}},"10":{"start":{"line":12,"column":6},"end":{"line":12,"column":38}},"11":{"start":{"line":15,"column":4},"end":{"line":15,"column":52}},"12":{"start":{"line":16,"column":4},"end":{"line":18,"column":6}},"13":{"start":{"line":17,"column":6},"end":{"line":17,"column":57}},"14":{"start":{"line":21,"column":2},"end":{"line":26,"column":4}}},"fnMap":{"0":{"name":"(anonymous_1)","decl":{"start":{"line":9,"column":43},"end":{"line":9,"column":44}},"loc":{"start":{"line":9,"column":72},"end":{"line":27,"column":1}}},"1":{"name":"(anonymous_2)","decl":{"start":{"line":10,"column":12},"end":{"line":10,"column":null}},"loc":{"start":{"line":10,"column":12},"end":{"line":19,"column":3}}},"2":{"name":"(anonymous_3)","decl":{"start":{"line":11,"column":22},"end":{"line":11,"column":23}},"loc":{"start":{"line":11,"column":39},"end":{"line":13,"column":5}}},"3":{"name":"(anonymous_4)","decl":{"start":{"line":16,"column":11},"end":{"line":16,"column":null}},"loc":{"start":{"line":16,"column":11},"end":{"line":18,"column":5}}}},"branchMap":{"0":{"loc":{"start":{"line":12,"column":6},"end":{"line":12,"column":37}},"type":"binary-expr","locations":[{"start":{"line":12,"column":6},"end":{"line":12,"column":24}},{"start":{"line":12,"column":28},"end":{"line":12,"column":37}}]}},"s":{"0":0,"1":0,"2":0,"3":0,"4":0,"5":0,"6":0,"7":0,"8":0,"9":0,"10":0,"11":0,"12":0,"13":0,"14":0},"f":{"0":0,"1":0,"2":0,"3":0},"b":{"0":[0,0]}}
,"C:\\Users\\ispun\\OneDrive\\Документы\\GitHub\\sales-bonus\\stellar-burgers\\src\\components\\order-card\\index.ts": {"path":"C:\\Users\\ispun\\OneDrive\\Документы\\GitHub\\sales-bonus\\stellar-burgers\\src\\components\\order-card\\index.ts","statementMap":{"0":{"start":{"line":1,"column":0},"end":{"line":1,"column":9}},"1":{"start":{"line":1,"column":9},"end":{"line":1,"column":41}}},"fnMap":{"0":{"name":"(anonymous_0)","decl":{"start":{"line":1,"column":9},"end":{"line":1,"column":18}},"loc":{"start":{"line":1,"column":9},"end":{"line":1,"column":41}}}},"branchMap":{},"s":{"0":0,"1":0},"f":{"0":0},"b":{}}
,"C:\\Users\\ispun\\OneDrive\\Документы\\GitHub\\sales-bonus\\stellar-burgers\\src\\components\\order-card\\order-card.tsx": {"path":"C:\\Users\\ispun\\OneDrive\\Документы\\GitHub\\sales-bonus\\stellar-burgers\\src\\components\\order-card\\order-card.tsx","statementMap":{"0":{"start":{"line":1,"column":0},"end":{"line":1,"column":42}},"1":{"start":{"line":2,"column":0},"end":{"line":2,"column":51}},"2":{"start":{"line":3,"column":0},"end":{"line":3,"column":60}},"3":{"start":{"line":6,"column":0},"end":{"line":6,"column":47}},"4":{"start":{"line":7,"column":0},"end":{"line":7,"column":66}},"5":{"start":{"line":9,"column":23},"end":{"line":9,"column":24}},"6":{"start":{"line":11,"column":13},"end":{"line":64,"column":3}},"7":{"start":{"line":11,"column":58},"end":{"line":11,"column":60}},"8":{"start":{"line":12,"column":19},"end":{"line":12,"column":32}},"9":{"start":{"line":13,"column":19},"end":{"line":13,"column":32}},"10":{"start":{"line":14,"column":37},"end":{"line":14,"column":67}},"11":{"start":{"line":16,"column":2},"end":{"line":16,"column":26}},"12":{"start":{"line":16,"column":14},"end":{"line":16,"column":26}},"13":{"start":{"line":18,"column":20},"end":{"line":53,"column":26}},"14":{"start":{"line":19,"column":4},"end":{"line":19,"column":52}},"15":{"start":{"line":19,"column":40},"end":{"line":19,"column":52}},"16":{"start":{"line":21,"column":28},"end":{"line":31,"column":null}},"17":{"start":{"line":23,"column":27},"end":{"line":24,"column":null}},"18":{"start":{"line":24,"column":32},"end":{"line":24,"column":null}},"19":{"start":{"line":26,"column":8},"end":{"line":28,"column":9}},"20":{"start":{"line":27,"column":10},"end":{"line":27,"column":38}},"21":{"start":{"line":29,"column":8},"end":{"line":29,"column":19}},"22":{"start":{"line":34,"column":18},"end":{"line":36,"column":null}},"23":{"start":{"line":35,"column":42},"end":{"line":35,"column":null}},"24":{"start":{"line":38,"column":30},"end":{"line":38,"column":70}},"25":{"start":{"line":40,"column":6},"end":{"line":42,"column":11}},"26":{"start":{"line":43,"column":17},"end":{"line":43,"column":56}},"27":{"start":{"line":45,"column":4},"end":{"line":51,"column":null}},"28":{"start":{"line":55,"column":2},"end":{"line":55,"column":30}},"29":{"start":{"line":55,"column":18},"end":{"line":55,"column":30}},"30":{"start":{"line":57,"column":2},"end":{"line":63,"column":4}}},"fnMap":{"0":{"name":"(anonymous_3)","decl":{"start":{"line":11,"column":50},"end":{"line":11,"column":51}},"loc":{"start":{"line":11,"column":60},"end":{"line":64,"column":1}}},"1":{"name":"(anonymous_4)","decl":{"start":{"line":18,"column":28},"end":{"line":18,"column":null}},"loc":{"start":{"line":18,"column":28},"end":{"line":53,"column":3}}},"2":{"name":"(anonymous_5)","decl":{"start":{"line":22,"column":6},"end":{"line":22,"column":7}},"loc":{"start":{"line":22,"column":39},"end":{"line":30,"column":7}}},"3":{"name":"(anonymous_6)","decl":{"start":{"line":24,"column":10},"end":{"line":24,"column":11}},"loc":{"start":{"line":24,"column":27},"end":{"line":24,"column":35}}},"4":{"name":"(anonymous_7)","decl":{"start":{"line":35,"column":6},"end":{"line":35,"column":7}},"loc":{"start":{"line":35,"column":37},"end":{"line":35,"column":45}}}},"branchMap":{"0":{"loc":{"start":{"line":16,"column":2},"end":{"line":16,"column":26}},"type":"if","locations":[{"start":{"line":16,"column":2},"end":{"line":16,"column":26}}]},"1":{"loc":{"start":{"line":19,"column":4},"end":{"line":19,"column":52}},"type":"if","locations":[{"start":{"line":19,"column":4},"end":{"line":19,"column":52}}]},"2":{"loc":{"start":{"line":19,"column":8},"end":{"line":19,"column":40}},"type":"binary-expr","locations":[{"start":{"line":19,"column":8},"end":{"line":19,"column":14}},{"start":{"line":19,"column":18},"end":{"line":19,"column":40}}]},"3":{"loc":{"start":{"line":19,"column":19},"end":{"line":19,"column":38}},"type":"cond-expr","locations":[{"start":{"line":19,"column":30},"end":{"line":19,"column":32}},{"start":{"line":19,"column":19},"end":{"line":19,"column":38}}]},"4":{"loc":{"start":{"line":19,"column":19},"end":{"line":19,"column":32}},"type":"binary-expr","locations":[{"start":{"line":19,"column":19},"end":{"line":19,"column":32}},{"start":{"line":19,"column":19},"end":{"line":19,"column":32}}]},"5":{"loc":{"start":{"line":21,"column":29},"end":{"line":21,"column":52}},"type":"binary-expr","locations":[{"start":{"line":21,"column":29},"end":{"line":21,"column":46}},{"start":{"line":21,"column":50},"end":{"line":21,"column":52}}]},"6":{"loc":{"start":{"line":26,"column":8},"end":{"line":28,"column":9}},"type":"if","locations":[{"start":{"line":26,"column":8},"end":{"line":28,"column":9}}]},"7":{"loc":{"start":{"line":40,"column":6},"end":{"line":42,"column":11}},"type":"cond-expr","locations":[{"start":{"line":41,"column":10},"end":{"line":41,"column":49}},{"start":{"line":42,"column":10},"end":{"line":42,"column":11}}]},"8":{"loc":{"start":{"line":43,"column":26},"end":{"line":43,"column":55}},"type":"binary-expr","locations":[{"start":{"line":43,"column":26},"end":{"line":43,"column":41}},{"start":{"line":43,"column":45},"end":{"line":43,"column":55}}]},"9":{"loc":{"start":{"line":55,"column":2},"end":{"line":55,"column":30}},"type":"if","locations":[{"start":{"line":55,"column":2},"end":{"line":55,"column":30}}]}},"s":{"0":0,"1":0,"2":0,"3":0,"4":0,"5":0,"6":0,"7":0,"8":0,"9":0,"10":0,"11":0,"12":0,"13":0,"14":0,"15":0,"16":0,"17":0,"18":0,"19":0,"20":0,"21":0,"22":0,"23":0,"24":0,"25":0,"26":0,"27":0,"28":0,"29":0,"30":0},"f":{"0":0,"1":0,"2":0,"3":0,"4":0},"b":{"0":[0],"1":[0],"2":[0,0],"3":[0,0],"4":[0,0],"5":[0,0],"6":[0],"7":[0,0],"8":[0,0],"9":[0]}}
,"C:\\Users\\ispun\\OneDrive\\Документы\\GitHub\\sales-bonus\\stellar-burgers\\src\\components\\order-info\\index.ts": {"path":"C:\\Users\\ispun\\OneDrive\\Документы\\GitHub\\sales-bonus\\stellar-burgers\\src\\components\\order-info\\index.ts","statementMap":{"0":{"start":{"line":1,"column":0},"end":{"line":1,"column":9}},"1":{"start":{"line":1,"column":9},"end":{"line":1,"column":41}}},"fnMap":{"0":{"name":"(anonymous_0)","decl":{"start":{"line":1,"column":9},"end":{"line":1,"column":18}},"loc":{"start":{"line":1,"column":9},"end":{"line":1,"column":41}}}},"branchMap":{},"s":{"0":0,"1":0},"f":{"0":0},"b":{}}
,"C:\\Users\\ispun\\OneDrive\\Документы\\GitHub\\sales-bonus\\stellar-burgers\\src\\components\\order-info\\order-info.tsx": {"path":"C:\\Users\\ispun\\OneDrive\\Документы\\GitHub\\sales-bonus\\stellar-burgers\\src\\components\\order-info\\order-info.tsx","statementMap":{"0":{"start":{"line":1,"column":0},"end":{"line":1,"column":47}},"1":{"start":{"line":2,"column":0},"end":{"line":2,"column":45}},"2":{"start":{"line":3,"column":0},"end":{"line":3,"column":64}},"3":{"start":{"line":4,"column":0},"end":{"line":4,"column":44}},"4":{"start":{"line":5,"column":0},"end":{"line":5,"column":47}},"5":{"start":{"line":7,"column":0},"end":{"line":7,"column":null}},"6":{"start":{"line":12,"column":0},"end":{"line":12,"column":66}},"7":{"start":{"line":14,"column":29},"end":{"line":79,"column":1}},"8":{"start":{"line":15,"column":21},"end":{"line":15,"column":53}},"9":{"start":{"line":16,"column":19},"end":{"line":16,"column":32}},"10":{"start":{"line":18,"column":20},"end":{"line":18,"column":49}},"11":{"start":{"line":19,"column":37},"end":{"line":19,"column":67}},"12":{"start":{"line":20,"column":18},"end":{"line":20,"column":46}},"13":{"start":{"line":22,"column":2},"end":{"line":26,"column":25}},"14":{"start":{"line":23,"column":4},"end":{"line":25,"column":5}},"15":{"start":{"line":24,"column":6},"end":{"line":24,"column":49}},"16":{"start":{"line":28,"column":20},"end":{"line":68,"column":30}},"17":{"start":{"line":29,"column":4},"end":{"line":29,"column":55}},"18":{"start":{"line":29,"column":43},"end":{"line":29,"column":55}},"19":{"start":{"line":31,"column":17},"end":{"line":31,"column":46}},"20":{"start":{"line":37,"column":28},"end":{"line":53,"column":null}},"21":{"start":{"line":39,"column":8},"end":{"line":49,"column":9}},"22":{"start":{"line":40,"column":29},"end":{"line":40,"column":72}},"23":{"start":{"line":40,"column":55},"end":{"line":40,"column":72}},"24":{"start":{"line":41,"column":10},"end":{"line":46,"column":11}},"25":{"start":{"line":42,"column":12},"end":{"line":45,"column":14}},"26":{"start":{"line":48,"column":10},"end":{"line":48,"column":28}},"27":{"start":{"line":51,"column":8},"end":{"line":51,"column":19}},"28":{"start":{"line":56,"column":18},"end":{"line":59,"column":null}},"29":{"start":{"line":58,"column":8},"end":{"line":58,"column":null}},"30":{"start":{"line":62,"column":4},"end":{"line":66,"column":null}},"31":{"start":{"line":70,"column":2},"end":{"line":72,"column":3}},"32":{"start":{"line":71,"column":4},"end":{"line":71,"column":25}},"33":{"start":{"line":74,"column":2},"end":{"line":76,"column":3}},"34":{"start":{"line":75,"column":4},"end":{"line":75,"column":38}},"35":{"start":{"line":78,"column":2},"end":{"line":78,"column":47}},"36":{"start":{"line":14,"column":13},"end":{"line":14,"column":29}}},"fnMap":{"0":{"name":"(anonymous_2)","decl":{"start":{"line":14,"column":29},"end":{"line":14,"column":null}},"loc":{"start":{"line":14,"column":29},"end":{"line":79,"column":1}}},"1":{"name":"(anonymous_3)","decl":{"start":{"line":22,"column":12},"end":{"line":22,"column":null}},"loc":{"start":{"line":22,"column":12},"end":{"line":26,"column":3}}},"2":{"name":"(anonymous_4)","decl":{"start":{"line":28,"column":28},"end":{"line":28,"column":null}},"loc":{"start":{"line":28,"column":28},"end":{"line":68,"column":3}}},"3":{"name":"(anonymous_5)","decl":{"start":{"line":38,"column":6},"end":{"line":38,"column":7}},"loc":{"start":{"line":38,"column":47},"end":{"line":52,"column":7}}},"4":{"name":"(anonymous_6)","decl":{"start":{"line":40,"column":46},"end":{"line":40,"column":47}},"loc":{"start":{"line":40,"column":50},"end":{"line":40,"column":58}}},"5":{"name":"(anonymous_7)","decl":{"start":{"line":57,"column":6},"end":{"line":57,"column":7}},"loc":{"start":{"line":57,"column":57},"end":{"line":58,"column":11}}}},"branchMap":{"0":{"loc":{"start":{"line":23,"column":4},"end":{"line":25,"column":5}},"type":"if","locations":[{"start":{"line":23,"column":4},"end":{"line":25,"column":5}}]},"1":{"loc":{"start":{"line":29,"column":4},"end":{"line":29,"column":55}},"type":"if","locations":[{"start":{"line":29,"column":4},"end":{"line":29,"column":55}}]},"2":{"loc":{"start":{"line":29,"column":8},"end":{"line":29,"column":41}},"type":"binary-expr","locations":[{"start":{"line":29,"column":8},"end":{"line":29,"column":18}},{"start":{"line":29,"column":22},"end":{"line":29,"column":41}}]},"3":{"loc":{"start":{"line":39,"column":8},"end":{"line":49,"column":9}},"type":"if","locations":[{"start":{"line":39,"column":8},"end":{"line":49,"column":9}},{"start":{"line":47,"column":15},"end":{"line":49,"column":9}}]},"4":{"loc":{"start":{"line":41,"column":10},"end":{"line":46,"column":11}},"type":"if","locations":[{"start":{"line":41,"column":10},"end":{"line":46,"column":11}}]},"5":{"loc":{"start":{"line":70,"column":2},"end":{"line":72,"column":3}},"type":"if","locations":[{"start":{"line":70,"column":2},"end":{"line":72,"column":3}}]},"6":{"loc":{"start":{"line":74,"column":2},"end":{"line":76,"column":3}},"type":"if","locations":[{"start":{"line":74,"column":2},"end":{"line":76,"column":3}}]}},"s":{"0":0,"1":0,"2":0,"3":0,"4":0,"5":0,"6":0,"7":0,"8":0,"9":0,"10":0,"11":0,"12":0,"13":0,"14":0,"15":0,"16":0,"17":0,"18":0,"19":0,"20":0,"21":0,"22":0,"23":0,"24":0,"25":0,"26":0,"27":0,"28":0,"29":0,"30":0,"31":0,"32":0,"33":0,"34":0,"35":0,"36":0},"f":{"0":0,"1":0,"2":0,"3":0,"4":0,"5":0},"b":{"0":[0],"1":[0],"2":[0,0],"3":[0,0],"4":[0],"5":[0],"6":[0]}}
,"C:\\Users\\ispun\\OneDrive\\Документы\\GitHub\\sales-bonus\\stellar-burgers\\src\\components\\order-status\\index.ts": {"path":"C:\\Users\\ispun\\OneDrive\\Документы\\GitHub\\sales-bonus\\stellar-burgers\\src\\components\\order-status\\index.ts","statementMap":{"0":{"start":{"line":1,"column":0},"end":{"line":1,"column":9}},"1":{"start":{"line":1,"column":9},"end":{"line":1,"column":45}}},"fnMap":{"0":{"name":"(anonymous_0)","decl":{"start":{"line":1,"column":9},"end":{"line":1,"column":20}},"loc":{"start":{"line":1,"column":9},"end":{"line":1,"column":45}}}},"branchMap":{},"s":{"0":0,"1":0},"f":{"0":0},"b":{}}
,"C:\\Users\\ispun\\OneDrive\\Документы\\GitHub\\sales-bonus\\stellar-burgers\\src\\components\\order-status\\order-status.tsx": {"path":"C:\\Users\\ispun\\OneDrive\\Документы\\GitHub\\sales-bonus\\stellar-burgers\\src\\components\\order-status\\order-status.tsx","statementMap":{"0":{"start":{"line":1,"column":0},"end":{"line":1,"column":34}},"1":{"start":{"line":3,"column":0},"end":{"line":3,"column":36}},"2":{"start":{"line":5,"column":46},"end":{"line":10,"column":2}},"3":{"start":{"line":12,"column":49},"end":{"line":26,"column":1}},"4":{"start":{"line":12,"column":58},"end":{"line":12,"column":60}},"5":{"start":{"line":13,"column":18},"end":{"line":13,"column":20}},"6":{"start":{"line":14,"column":2},"end":{"line":23,"column":3}},"7":{"start":{"line":16,"column":6},"end":{"line":16,"column":28}},"8":{"start":{"line":17,"column":6},"end":{"line":17,"column":12}},"9":{"start":{"line":19,"column":6},"end":{"line":19,"column":28}},"10":{"start":{"line":20,"column":6},"end":{"line":20,"column":12}},"11":{"start":{"line":22,"column":6},"end":{"line":22,"column":28}},"12":{"start":{"line":25,"column":2},"end":{"line":25,"column":75}},"13":{"start":{"line":12,"column":13},"end":{"line":12,"column":49}}},"fnMap":{"0":{"name":"(anonymous_1)","decl":{"start":{"line":12,"column":49},"end":{"line":12,"column":50}},"loc":{"start":{"line":12,"column":60},"end":{"line":26,"column":1}}}},"branchMap":{"0":{"loc":{"start":{"line":14,"column":2},"end":{"line":23,"column":3}},"type":"switch","locations":[{"start":{"line":15,"column":4},"end":{"line":17,"column":12}},{"start":{"line":18,"column":4},"end":{"line":20,"column":12}},{"start":{"line":21,"column":4},"end":{"line":22,"column":28}}]}},"s":{"0":0,"1":0,"2":0,"3":0,"4":0,"5":0,"6":0,"7":0,"8":0,"9":0,"10":0,"11":0,"12":0,"13":0},"f":{"0":0},"b":{"0":[0,0,0]}}
,"C:\\Users\\ispun\\OneDrive\\Документы\\GitHub\\sales-bonus\\stellar-burgers\\src\\components\\orders-list\\index.ts": {"path":"C:\\Users\\ispun\\OneDrive\\Документы\\GitHub\\sales-bonus\\stellar-burgers\\src\\components\\orders-list\\index.ts","statementMap":{"0":{"start":{"line":1,"column":0},"end":{"line":1,"column":9}},"1":{"start":{"line":1,"column":9},"end":{"line":1,"column":43}}},"fnMap":{"0":{"name":"(anonymous_0)","decl":{"start":{"line":1,"column":9},"end":{"line":1,"column":19}},"loc":{"start":{"line":1,"column":9},"end":{"line":1,"column":43}}}},"branchMap":{},"s":{"0":0,"1":0},"f":{"0":0},"b":{}}
,"C:\\Users\\ispun\\OneDrive\\Документы\\GitHub\\sales-bonus\\stellar-burgers\\src\\components\\orders-list\\orders-list.tsx": {"path":"C:\\Users\\ispun\\OneDrive\\Документы\\GitHub\\sales-bonus\\stellar-burgers\\src\\components\\orders-list\\orders-list.tsx","statementMap":{"0":{"start":{"line":1,"column":0},"end":{"line":1,"column":53}},"1":{"start":{"line":2,"column":0},"end":{"line":2,"column":64}},"2":{"start":{"line":3,"column":0},"end":{"line":3,"column":35}},"3":{"start":{"line":5,"column":0},"end":{"line":5,"column":null}},"4":{"start":{"line":12,"column":0},"end":{"line":12,"column":null}},"5":{"start":{"line":19,"column":0},"end":{"line":19,"column":44}},"6":{"start":{"line":25,"column":13},"end":{"line":73,"column":2}},"7":{"start":{"line":26,"column":23},"end":{"line":26,"column":25}},"8":{"start":{"line":26,"column":25},"end":{"line":26,"column":29}},"9":{"start":{"line":26,"column":29},"end":{"line":26,"column":43}},"10":{"start":{"line":27,"column":21},"end":{"line":27,"column":34}},"11":{"start":{"line":29,"column":24},"end":{"line":30,"column":null}},"12":{"start":{"line":33,"column":20},"end":{"line":34,"column":null}},"13":{"start":{"line":37,"column":24},"end":{"line":38,"column":null}},"14":{"start":{"line":41,"column":20},"end":{"line":42,"column":null}},"15":{"start":{"line":45,"column":19},"end":{"line":45,"column":44}},"16":{"start":{"line":47,"column":4},"end":{"line":55,"column":50}},"17":{"start":{"line":48,"column":6},"end":{"line":54,"column":7}},"18":{"start":{"line":49,"column":8},"end":{"line":53,"column":9}},"19":{"start":{"line":50,"column":10},"end":{"line":50,"column":33}},"20":{"start":{"line":52,"column":10},"end":{"line":52,"column":41}},"21":{"start":{"line":57,"column":4},"end":{"line":59,"column":5}},"22":{"start":{"line":58,"column":6},"end":{"line":58,"column":27}},"23":{"start":{"line":61,"column":24},"end":{"line":69,"column":34}},"24":{"start":{"line":62,"column":6},"end":{"line":64,"column":7}},"25":{"start":{"line":63,"column":8},"end":{"line":63,"column":22}},"26":{"start":{"line":65,"column":6},"end":{"line":68,"column":8}},"27":{"start":{"line":67,"column":10},"end":{"line":67,"column":null}},"28":{"start":{"line":71,"column":4},"end":{"line":71,"column":54}}},"fnMap":{"0":{"name":"(anonymous_1)","decl":{"start":{"line":26,"column":2},"end":{"line":26,"column":3}},"loc":{"start":{"line":26,"column":43},"end":{"line":72,"column":3}}},"1":{"name":"(anonymous_2)","decl":{"start":{"line":47,"column":14},"end":{"line":47,"column":null}},"loc":{"start":{"line":47,"column":14},"end":{"line":55,"column":5}}},"2":{"name":"(anonymous_3)","decl":{"start":{"line":61,"column":32},"end":{"line":61,"column":null}},"loc":{"start":{"line":61,"column":32},"end":{"line":69,"column":5}}},"3":{"name":"(anonymous_4)","decl":{"start":{"line":66,"column":8},"end":{"line":66,"column":9}},"loc":{"start":{"line":66,"column":13},"end":{"line":67,"column":14}}}},"branchMap":{"0":{"loc":{"start":{"line":26,"column":29},"end":{"line":26,"column":43}},"type":"cond-expr","locations":[{"start":{"line":26,"column":32},"end":{"line":26,"column":41}},{"start":{"line":26,"column":41},"end":{"line":26,"column":43}}]},"1":{"loc":{"start":{"line":30,"column":6},"end":{"line":30,"column":57}},"type":"cond-expr","locations":[{"start":{"line":30,"column":24},"end":{"line":30,"column":38}},{"start":{"line":30,"column":41},"end":{"line":30,"column":57}}]},"2":{"loc":{"start":{"line":34,"column":6},"end":{"line":34,"column":65}},"type":"cond-expr","locations":[{"start":{"line":34,"column":24},"end":{"line":34,"column":39}},{"start":{"line":34,"column":42},"end":{"line":34,"column":65}}]},"3":{"loc":{"start":{"line":38,"column":6},"end":{"line":38,"column":62}},"type":"cond-expr","locations":[{"start":{"line":38,"column":24},"end":{"line":38,"column":38}},{"start":{"line":38,"column":41},"end":{"line":38,"column":62}}]},"4":{"loc":{"start":{"line":42,"column":6},"end":{"line":42,"column":54}},"type":"cond-expr","locations":[{"start":{"line":42,"column":24},"end":{"line":42,"column":34}},{"start":{"line":42,"column":37},"end":{"line":42,"column":54}}]},"5":{"loc":{"start":{"line":45,"column":19},"end":{"line":45,"column":44}},"type":"binary-expr","locations":[{"start":{"line":45,"column":19},"end":{"line":45,"column":29}},{"start":{"line":45,"column":33},"end":{"line":45,"column":44}}]},"6":{"loc":{"start":{"line":48,"column":6},"end":{"line":54,"column":7}},"type":"if","locations":[{"start":{"line":48,"column":6},"end":{"line":54,"column":7}}]},"7":{"loc":{"start":{"line":48,"column":10},"end":{"line":48,"column":37}},"type":"binary-expr","locations":[{"start":{"line":48,"column":10},"end":{"line":48,"column":21}},{"start":{"line":48,"column":25},"end":{"line":48,"column":37}}]},"8":{"loc":{"start":{"line":49,"column":8},"end":{"line":53,"column":9}},"type":"if","locations":[{"start":{"line":49,"column":8},"end":{"line":53,"column":9}},{"start":{"line":51,"column":15},"end":{"line":53,"column":9}}]},"9":{"loc":{"start":{"line":57,"column":4},"end":{"line":59,"column":5}},"type":"if","locations":[{"start":{"line":57,"column":4},"end":{"line":59,"column":5}}]},"10":{"loc":{"start":{"line":57,"column":8},"end":{"line":57,"column":46}},"type":"binary-expr","locations":[{"start":{"line":57,"column":8},"end":{"line":57,"column":15}},{"start":{"line":57,"column":19},"end":{"line":57,"column":30}},{"start":{"line":57,"column":34},"end":{"line":57,"column":46}}]},"11":{"loc":{"start":{"line":62,"column":6},"end":{"line":64,"column":7}},"type":"if","locations":[{"start":{"line":62,"column":6},"end":{"line":64,"column":7}}]},"12":{"loc":{"start":{"line":62,"column":10},"end":{"line":62,"column":40}},"type":"binary-expr","locations":[{"start":{"line":62,"column":10},"end":{"line":62,"column":25}},{"start":{"line":62,"column":29},"end":{"line":62,"column":40}}]}},"s":{"0":0,"1":0,"2":0,"3":0,"4":0,"5":0,"6":0,"7":0,"8":0,"9":0,"10":0,"11":0,"12":0,"13":0,"14":0,"15":0,"16":0,"17":0,"18":0,"19":0,"20":0,"21":0,"22":0,"23":0,"24":0,"25":0,"26":0,"27":0,"28":0},"f":{"0":0,"1":0,"2":0,"3":0},"b":{"0":[0,0],"1":[0,0],"2":[0,0],"3":[0,0],"4":[0,0],"5":[0,0],"6":[0],"7":[0,0],"8":[0,0],"9":[0],"10":[0,0,0],"11":[0],"12":[0,0]}}
,"C:\\Users\\ispun\\OneDrive\\Документы\\GitHub\\sales-bonus\\stellar-burgers\\src\\components\\profile-menu\\index.ts": {"path":"C:\\Users\\ispun\\OneDrive\\Документы\\GitHub\\sales-bonus\\stellar-burgers\\src\\components\\profile-menu\\index.ts","statementMap":{"0":{"start":{"line":1,"column":0},"end":{"line":1,"column":9}},"1":{"start":{"line":1,"column":9},"end":{"line":1,"column":45}}},"fnMap":{"0":{"name":"(anonymous_0)","decl":{"start":{"line":1,"column":9},"end":{"line":1,"column":20}},"loc":{"start":{"line":1,"column":9},"end":{"line":1,"column":45}}}},"branchMap":{},"s":{"0":0,"1":0},"f":{"0":0},"b":{}}
,"C:\\Users\\ispun\\OneDrive\\Документы\\GitHub\\sales-bonus\\stellar-burgers\\src\\components\\profile-menu\\profile-menu.tsx": {"path":"C:\\Users\\ispun\\OneDrive\\Документы\\GitHub\\sales-bonus\\stellar-burgers\\src\\components\\profile-menu\\profile-menu.tsx","statementMap":{"0":{"start":{"line":2,"column":0},"end":{"line":2,"column":51}},"1":{"start":{"line":3,"column":0},"end":{"line":3,"column":60}},"2":{"start":{"line":4,"column":0},"end":{"line":4,"column":36}},"3":{"start":{"line":5,"column":0},"end":{"line":5,"column":52}},"4":{"start":{"line":7,"column":31},"end":{"line":22,"column":1}},"5":{"start":{"line":8,"column":19},"end":{"line":8,"column":32}},"6":{"start":{"line":9,"column":19},"end":{"line":9,"column":32}},"7":{"start":{"line":10,"column":23},"end":{"line":10,"column":37}},"8":{"start":{"line":12,"column":23},"end":{"line":19,"column":3}},"9":{"start":{"line":13,"column":4},"end":{"line":18,"column":23}},"10":{"start":{"line":16,"column":8},"end":{"line":16,"column":27}},"11":{"start":{"line":21,"column":2},"end":{"line":21,"column":75}},"12":{"start":{"line":7,"column":13},"end":{"line":7,"column":31}}},"fnMap":{"0":{"name":"(anonymous_0)","decl":{"start":{"line":7,"column":31},"end":{"line":7,"column":null}},"loc":{"start":{"line":7,"column":31},"end":{"line":22,"column":1}}},"1":{"name":"(anonymous_1)","decl":{"start":{"line":12,"column":23},"end":{"line":12,"column":null}},"loc":{"start":{"line":12,"column":23},"end":{"line":19,"column":3}}},"2":{"name":"(anonymous_2)","decl":{"start":{"line":15,"column":12},"end":{"line":15,"column":null}},"loc":{"start":{"line":15,"column":12},"end":{"line":17,"column":7}}},"3":{"name":"(anonymous_3)","decl":{"start":{"line":18,"column":13},"end":{"line":18,"column":20}},"loc":{"start":{"line":18,"column":13},"end":{"line":18,"column":21}}}},"branchMap":{},"s":{"0":0,"1":0,"2":0,"3":0,"4":0,"5":0,"6":0,"7":0,"8":0,"9":0,"10":0,"11":0,"12":0},"f":{"0":0,"1":0,"2":0,"3":0},"b":{}}
,"C:\\Users\\ispun\\OneDrive\\Документы\\GitHub\\sales-bonus\\stellar-burgers\\src\\components\\protected-route\\index.ts": {"path":"C:\\Users\\ispun\\OneDrive\\Документы\\GitHub\\sales-bonus\\stellar-burgers\\src\\components\\protected-route\\index.ts","statementMap":{"0":{"start":{"line":1,"column":0},"end":{"line":1,"column":9}},"1":{"start":{"line":1,"column":9},"end":{"line":1,"column":51}}},"fnMap":{"0":{"name":"(anonymous_0)","decl":{"start":{"line":1,"column":9},"end":{"line":1,"column":23}},"loc":{"start":{"line":1,"column":9},"end":{"line":1,"column":51}}}},"branchMap":{},"s":{"0":0,"1":0},"f":{"0":0},"b":{}}
,"C:\\Users\\ispun\\OneDrive\\Документы\\GitHub\\sales-bonus\\stellar-burgers\\src\\components\\protected-route\\protected-route.tsx": {"path":"C:\\Users\\ispun\\OneDrive\\Документы\\GitHub\\sales-bonus\\stellar-burgers\\src\\components\\protected-route\\protected-route.tsx","statementMap":{"0":{"start":{"line":1,"column":0},"end":{"line":1,"column":26}},"1":{"start":{"line":2,"column":0},"end":{"line":2,"column":57}},"2":{"start":{"line":3,"column":0},"end":{"line":3,"column":51}},"3":{"start":{"line":4,"column":0},"end":{"line":4,"column":65}},"4":{"start":{"line":5,"column":0},"end":{"line":5,"column":32}},"5":{"start":{"line":12,"column":30},"end":{"line":34,"column":1}},"6":{"start":{"line":13,"column":2},"end":{"line":13,"column":12}},"7":{"start":{"line":13,"column":12},"end":{"line":13,"column":null}},"8":{"start":{"line":14,"column":10},"end":{"line":14,"column":null}},"9":{"start":{"line":16,"column":19},"end":{"line":16,"column":32}},"10":{"start":{"line":17,"column":15},"end":{"line":17,"column":35}},"11":{"start":{"line":18,"column":22},"end":{"line":18,"column":49}},"12":{"start":{"line":20,"column":2},"end":{"line":22,"column":3}},"13":{"start":{"line":21,"column":4},"end":{"line":21,"column":25}},"14":{"start":{"line":24,"column":2},"end":{"line":27,"column":3}},"15":{"start":{"line":25,"column":17},"end":{"line":25,"column":58}},"16":{"start":{"line":26,"column":4},"end":{"line":26,"column":42}},"17":{"start":{"line":29,"column":2},"end":{"line":31,"column":3}},"18":{"start":{"line":30,"column":4},"end":{"line":30,"column":71}},"19":{"start":{"line":33,"column":2},"end":{"line":33,"column":18}},"20":{"start":{"line":12,"column":13},"end":{"line":12,"column":30}},"21":{"start":{"line":36,"column":0},"end":{"line":36,"column":30}}},"fnMap":{"0":{"name":"(anonymous_1)","decl":{"start":{"line":12,"column":30},"end":{"line":12,"column":31}},"loc":{"start":{"line":15,"column":22},"end":{"line":34,"column":1}}}},"branchMap":{"0":{"loc":{"start":{"line":13,"column":12},"end":{"line":13,"column":null}},"type":"cond-expr","locations":[{"start":{"line":13,"column":15},"end":{"line":13,"column":20}},{"start":{"line":13,"column":20},"end":{"line":13,"column":null}}]},"1":{"loc":{"start":{"line":20,"column":2},"end":{"line":22,"column":3}},"type":"if","locations":[{"start":{"line":20,"column":2},"end":{"line":22,"column":3}}]},"2":{"loc":{"start":{"line":24,"column":2},"end":{"line":27,"column":3}},"type":"if","locations":[{"start":{"line":24,"column":2},"end":{"line":27,"column":3}}]},"3":{"loc":{"start":{"line":24,"column":6},"end":{"line":24,"column":24}},"type":"binary-expr","locations":[{"start":{"line":24,"column":6},"end":{"line":24,"column":16}},{"start":{"line":24,"column":20},"end":{"line":24,"column":24}}]},"4":{"loc":{"start":{"line":25,"column":17},"end":{"line":25,"column":58}},"type":"binary-expr","locations":[{"start":{"line":25,"column":17},"end":{"line":25,"column":37}},{"start":{"line":25,"column":41},"end":{"line":25,"column":58}}]},"5":{"loc":{"start":{"line":25,"column":17},"end":{"line":25,"column":37}},"type":"cond-expr","locations":[{"start":{"line":25,"column":31},"end":{"line":25,"column":33}},{"start":{"line":25,"column":31},"end":{"line":25,"column":37}}]},"6":{"loc":{"start":{"line":25,"column":17},"end":{"line":25,"column":33}},"type":"binary-expr","locations":[{"start":{"line":25,"column":17},"end":{"line":25,"column":33}},{"start":{"line":25,"column":31},"end":{"line":25,"column":33}}]},"7":{"loc":{"start":{"line":29,"column":2},"end":{"line":31,"column":3}},"type":"if","locations":[{"start":{"line":29,"column":2},"end":{"line":31,"column":3}}]},"8":{"loc":{"start":{"line":29,"column":6},"end":{"line":29,"column":26}},"type":"binary-expr","locations":[{"start":{"line":29,"column":6},"end":{"line":29,"column":17}},{"start":{"line":29,"column":21},"end":{"line":29,"column":26}}]}},"s":{"0":0,"1":0,"2":0,"3":0,"4":0,"5":0,"6":0,"7":0,"8":0,"9":0,"10":0,"11":0,"12":0,"13":0,"14":0,"15":0,"16":0,"17":0,"18":0,"19":0,"20":0,"21":0},"f":{"0":0},"b":{"0":[0,0],"1":[0],"2":[0],"3":[0,0],"4":[0,0],"5":[0,0],"6":[0,0],"7":[0],"8":[0,0]}}
,"C:\\Users\\ispun\\OneDrive\\Документы\\GitHub\\sales-bonus\\stellar-burgers\\src\\components\\ui\\index.ts": {"path":"C:\\Users\\ispun\\OneDrive\\Документы\\GitHub\\sales-bonus\\stellar-burgers\\src\\components\\ui\\index.ts","statementMap":{"0":{"start":{"line":1,"column":0},"end":{"line":1,"column":29}},"1":{"start":{"line":2,"column":0},"end":{"line":2,"column":37}},"2":{"start":{"line":3,"column":0},"end":{"line":3,"column":45}},"3":{"start":{"line":4,"column":0},"end":{"line":4,"column":36}},"4":{"start":{"line":5,"column":0},"end":{"line":5,"column":37}},"5":{"start":{"line":6,"column":0},"end":{"line":6,"column":28}},"6":{"start":{"line":7,"column":0},"end":{"line":7,"column":37}},"7":{"start":{"line":8,"column":0},"end":{"line":8,"column":39}},"8":{"start":{"line":9,"column":0},"end":{"line":9,"column":24}},"9":{"start":{"line":10,"column":0},"end":{"line":10,"column":32}},"10":{"start":{"line":11,"column":0},"end":{"line":11,"column":29}},"11":{"start":{"line":12,"column":0},"end":{"line":12,"column":32}},"12":{"start":{"line":13,"column":0},"end":{"line":13,"column":29}},"13":{"start":{"line":14,"column":0},"end":{"line":14,"column":31}},"14":{"start":{"line":15,"column":0},"end":{"line":15,"column":30}},"15":{"start":{"line":16,"column":0},"end":{"line":16,"column":28}},"16":{"start":{"line":17,"column":0},"end":{"line":17,"column":31}}},"fnMap":{},"branchMap":{},"s":{"0":0,"1":0,"2":0,"3":0,"4":0,"5":0,"6":0,"7":0,"8":0,"9":0,"10":0,"11":0,"12":0,"13":0,"14":0,"15":0,"16":0},"f":{},"b":{}}
,"C:\\Users\\ispun\\OneDrive\\Документы\\GitHub\\sales-bonus\\stellar-burgers\\src\\components\\ui\\app-header\\app-header.tsx": {"path":"C:\\Users\\ispun\\OneDrive\\Документы\\GitHub\\sales-bonus\\stellar-burgers\\src\\components\\ui\\app-header\\app-header.tsx","statementMap":{"0":{"start":{"line":1,"column":0},"end":{"line":1,"column":34}},"1":{"start":{"line":2,"column":0},"end":{"line":2,"column":43}},"2":{"start":{"line":3,"column":0},"end":{"line":3,"column":45}},"3":{"start":{"line":5,"column":0},"end":{"line":5,"column":null}},"4":{"start":{"line":12,"column":50},"end":{"line":12,"column":null}},"5":{"start":{"line":12,"column":61},"end":{"line":12,"column":63}},"6":{"start":{"line":12,"column":68},"end":{"line":77,"column":2}},"7":{"start":{"line":19,"column":32},"end":{"line":19,"column":34}},"8":{"start":{"line":20,"column":12},"end":{"line":20,"column":null}},"9":{"start":{"line":24,"column":22},"end":{"line":24,"column":24}},"10":{"start":{"line":24,"column":29},"end":{"line":31,"column":null}},"11":{"start":{"line":37,"column":32},"end":{"line":37,"column":34}},"12":{"start":{"line":38,"column":12},"end":{"line":38,"column":null}},"13":{"start":{"line":42,"column":22},"end":{"line":42,"column":24}},"14":{"start":{"line":42,"column":29},"end":{"line":47,"column":null}},"15":{"start":{"line":61,"column":32},"end":{"line":61,"column":34}},"16":{"start":{"line":62,"column":12},"end":{"line":62,"column":null}},"17":{"start":{"line":65,"column":22},"end":{"line":65,"column":24}},"18":{"start":{"line":65,"column":29},"end":{"line":72,"column":null}},"19":{"start":{"line":12,"column":13},"end":{"line":12,"column":50}}},"fnMap":{"0":{"name":"(anonymous_1)","decl":{"start":{"line":12,"column":50},"end":{"line":12,"column":51}},"loc":{"start":{"line":12,"column":63},"end":{"line":12,"column":null}}},"1":{"name":"(anonymous_2)","decl":{"start":{"line":19,"column":21},"end":{"line":19,"column":22}},"loc":{"start":{"line":19,"column":34},"end":{"line":20,"column":15}}},"2":{"name":"(anonymous_3)","decl":{"start":{"line":24,"column":11},"end":{"line":24,"column":12}},"loc":{"start":{"line":24,"column":24},"end":{"line":24,"column":null}}},"3":{"name":"(anonymous_4)","decl":{"start":{"line":37,"column":21},"end":{"line":37,"column":22}},"loc":{"start":{"line":37,"column":34},"end":{"line":38,"column":15}}},"4":{"name":"(anonymous_5)","decl":{"start":{"line":42,"column":11},"end":{"line":42,"column":12}},"loc":{"start":{"line":42,"column":24},"end":{"line":42,"column":null}}},"5":{"name":"(anonymous_6)","decl":{"start":{"line":61,"column":21},"end":{"line":61,"column":22}},"loc":{"start":{"line":61,"column":34},"end":{"line":62,"column":15}}},"6":{"name":"(anonymous_7)","decl":{"start":{"line":65,"column":11},"end":{"line":65,"column":12}},"loc":{"start":{"line":65,"column":24},"end":{"line":65,"column":null}}}},"branchMap":{"0":{"loc":{"start":{"line":20,"column":30},"end":{"line":20,"column":64}},"type":"cond-expr","locations":[{"start":{"line":20,"column":41},"end":{"line":20,"column":59}},{"start":{"line":20,"column":62},"end":{"line":20,"column":64}}]},"1":{"loc":{"start":{"line":26,"column":32},"end":{"line":26,"column":66}},"type":"cond-expr","locations":[{"start":{"line":26,"column":43},"end":{"line":26,"column":52}},{"start":{"line":26,"column":55},"end":{"line":26,"column":66}}]},"2":{"loc":{"start":{"line":38,"column":30},"end":{"line":38,"column":64}},"type":"cond-expr","locations":[{"start":{"line":38,"column":41},"end":{"line":38,"column":59}},{"start":{"line":38,"column":62},"end":{"line":38,"column":64}}]},"3":{"loc":{"start":{"line":44,"column":30},"end":{"line":44,"column":64}},"type":"cond-expr","locations":[{"start":{"line":44,"column":41},"end":{"line":44,"column":50}},{"start":{"line":44,"column":53},"end":{"line":44,"column":64}}]},"4":{"loc":{"start":{"line":62,"column":30},"end":{"line":62,"column":64}},"type":"cond-expr","locations":[{"start":{"line":62,"column":41},"end":{"line":62,"column":59}},{"start":{"line":62,"column":62},"end":{"line":62,"column":64}}]},"5":{"loc":{"start":{"line":67,"column":33},"end":{"line":67,"column":67}},"type":"cond-expr","locations":[{"start":{"line":67,"column":44},"end":{"line":67,"column":53}},{"start":{"line":67,"column":56},"end":{"line":67,"column":67}}]},"6":{"loc":{"start":{"line":69,"column":17},"end":{"line":69,"column":45}},"type":"binary-expr","locations":[{"start":{"line":69,"column":17},"end":{"line":69,"column":25}},{"start":{"line":69,"column":29},"end":{"line":69,"column":45}}]}},"s":{"0":0,"1":0,"2":0,"3":0,"4":0,"5":0,"6":0,"7":0,"8":0,"9":0,"10":0,"11":0,"12":0,"13":0,"14":0,"15":0,"16":0,"17":0,"18":0,"19":0},"f":{"0":0,"1":0,"2":0,"3":0,"4":0,"5":0,"6":0},"b":{"0":[0,0],"1":[0,0],"2":[0,0],"3":[0,0],"4":[0,0],"5":[0,0],"6":[0,0]}}
,"C:\\Users\\ispun\\OneDrive\\Документы\\GitHub\\sales-bonus\\stellar-burgers\\src\\components\\ui\\app-header\\index.ts": {"path":"C:\\Users\\ispun\\OneDrive\\Документы\\GitHub\\sales-bonus\\stellar-burgers\\src\\components\\ui\\app-header\\index.ts","statementMap":{"0":{"start":{"line":1,"column":0},"end":{"line":1,"column":9}},"1":{"start":{"line":1,"column":9},"end":{"line":1,"column":43}}},"fnMap":{"0":{"name":"(anonymous_0)","decl":{"start":{"line":1,"column":9},"end":{"line":1,"column":20}},"loc":{"start":{"line":1,"column":9},"end":{"line":1,"column":43}}}},"branchMap":{},"s":{"0":0,"1":0},"f":{"0":0},"b":{}}
,"C:\\Users\\ispun\\OneDrive\\Документы\\GitHub\\sales-bonus\\stellar-burgers\\src\\components\\ui\\burger-constructor\\burger-constructor.tsx": {"path":"C:\\Users\\ispun\\OneDrive\\Документы\\GitHub\\sales-bonus\\stellar-burgers\\src\\components\\ui\\burger-constructor\\burger-constructor.tsx","statementMap":{"0":{"start":{"line":1,"column":0},"end":{"line":1,"column":34}},"1":{"start":{"line":2,"column":0},"end":{"line":2,"column":null}},"2":{"start":{"line":7,"column":0},"end":{"line":7,"column":53}},"3":{"start":{"line":10,"column":0},"end":{"line":10,"column":62}},"4":{"start":{"line":11,"column":0},"end":{"line":11,"column":48}},"5":{"start":{"line":13,"column":65},"end":{"line":20,"column":null}},"6":{"start":{"line":14,"column":18},"end":{"line":14,"column":null}},"7":{"start":{"line":15,"column":14},"end":{"line":15,"column":null}},"8":{"start":{"line":16,"column":7},"end":{"line":16,"column":null}},"9":{"start":{"line":17,"column":16},"end":{"line":17,"column":null}},"10":{"start":{"line":18,"column":14},"end":{"line":18,"column":null}},"11":{"start":{"line":19,"column":17},"end":{"line":19,"column":null}},"12":{"start":{"line":20,"column":6},"end":{"line":118,"column":2}},"13":{"start":{"line":49,"column":59},"end":{"line":56,"column":null}},"14":{"start":{"line":13,"column":13},"end":{"line":13,"column":65}}},"fnMap":{"0":{"name":"(anonymous_1)","decl":{"start":{"line":13,"column":65},"end":{"line":13,"column":66}},"loc":{"start":{"line":20,"column":1},"end":{"line":20,"column":null}}},"1":{"name":"(anonymous_2)","decl":{"start":{"line":49,"column":10},"end":{"line":49,"column":11}},"loc":{"start":{"line":49,"column":54},"end":{"line":49,"column":null}}}},"branchMap":{"0":{"loc":{"start":{"line":25,"column":5},"end":{"line":44,"column":null}},"type":"cond-expr","locations":[{"start":{"line":26,"column":6},"end":{"line":36,"column":null}},{"start":{"line":39,"column":6},"end":{"line":41,"column":null}}]},"1":{"loc":{"start":{"line":47,"column":7},"end":{"line":64,"column":null}},"type":"cond-expr","locations":[{"start":{"line":48,"column":8},"end":{"line":56,"column":null}},{"start":{"line":59,"column":8},"end":{"line":61,"column":null}}]},"2":{"loc":{"start":{"line":67,"column":5},"end":{"line":86,"column":null}},"type":"cond-expr","locations":[{"start":{"line":68,"column":6},"end":{"line":78,"column":null}},{"start":{"line":81,"column":6},"end":{"line":83,"column":null}}]},"3":{"loc":{"start":{"line":103,"column":5},"end":{"line":106,"column":null}},"type":"binary-expr","locations":[{"start":{"line":103,"column":5},"end":{"line":103,"column":17}},{"start":{"line":104,"column":6},"end":{"line":105,"column":null}}]},"4":{"loc":{"start":{"line":109,"column":5},"end":{"line":115,"column":null}},"type":"binary-expr","locations":[{"start":{"line":109,"column":5},"end":{"line":109,"column":19}},{"start":{"line":110,"column":6},"end":{"line":114,"column":null}}]},"5":{"loc":{"start":{"line":112,"column":15},"end":{"line":112,"column":55}},"type":"cond-expr","locations":[{"start":{"line":112,"column":30},"end":{"line":112,"column":50}},{"start":{"line":112,"column":53},"end":{"line":112,"column":55}}]}},"s":{"0":0,"1":0,"2":0,"3":0,"4":0,"5":0,"6":0,"7":0,"8":0,"9":0,"10":0,"11":0,"12":0,"13":0,"14":0},"f":{"0":0,"1":0},"b":{"0":[0,0],"1":[0,0],"2":[0,0],"3":[0,0],"4":[0,0],"5":[0,0]}}
,"C:\\Users\\ispun\\OneDrive\\Документы\\GitHub\\sales-bonus\\stellar-burgers\\src\\components\\ui\\burger-constructor\\index.ts": {"path":"C:\\Users\\ispun\\OneDrive\\Документы\\GitHub\\sales-bonus\\stellar-burgers\\src\\components\\ui\\burger-constructor\\index.ts","statementMap":{"0":{"start":{"line":1,"column":0},"end":{"line":1,"column":9}},"1":{"start":{"line":1,"column":9},"end":{"line":1,"column":59}}},"fnMap":{"0":{"name":"(anonymous_0)","decl":{"start":{"line":1,"column":9},"end":{"line":1,"column":28}},"loc":{"start":{"line":1,"column":9},"end":{"line":1,"column":59}}}},"branchMap":{},"s":{"0":0,"1":0},"f":{"0":0},"b":{}}
[...]
)","decl":{"start":{"line":81,"column":21},"end":{"line":81,"column":null}},"loc":{"start":{"line":81,"column":21},"end":{"line":85,"column":5}}},"7":{"name":"(anonymous_7)","decl":{"start":{"line":87,"column":24},"end":{"line":87,"column":25}},"loc":{"start":{"line":87,"column":30},"end":{"line":94,"column":5}}},"8":{"name":"(anonymous_8)","decl":{"start":{"line":96,"column":22},"end":{"line":96,"column":23}},"loc":{"start":{"line":96,"column":28},"end":{"line":99,"column":5}}},"9":{"name":"(anonymous_9)","decl":{"start":{"line":101,"column":22},"end":{"line":101,"column":23}},"loc":{"start":{"line":101,"column":28},"end":{"line":120,"column":5}}},"10":{"name":"(anonymous_10)","decl":{"start":{"line":123,"column":2},"end":{"line":123,"column":10}},"loc":{"start":{"line":123,"column":2},"end":{"line":147,"column":3}}},"11":{"name":"(anonymous_11)","decl":{"start":{"line":144,"column":37},"end":{"line":144,"column":null}},"loc":{"start":{"line":144,"column":37},"end":{"line":146,"column":5}}},"12":{"name":"(anonymous_12)","decl":{"start":{"line":149,"column":2},"end":{"line":149,"column":9}},"loc":{"start":{"line":149,"column":2},"end":{"line":176,"column":3}}},"13":{"name":"(anonymous_13)","decl":{"start":{"line":178,"column":2},"end":{"line":178,"column":6}},"loc":{"start":{"line":178,"column":16},"end":{"line":190,"column":3}}},"14":{"name":"(anonymous_14)","decl":{"start":{"line":192,"column":2},"end":{"line":192,"column":7}},"loc":{"start":{"line":192,"column":2},"end":{"line":211,"column":3}}},"15":{"name":"(anonymous_15)","decl":{"start":{"line":213,"column":2},"end":{"line":213,"column":13}},"loc":{"start":{"line":213,"column":2},"end":{"line":215,"column":3}}},"16":{"name":"(anonymous_16)","decl":{"start":{"line":254,"column":36},"end":{"line":254,"column":37}},"loc":{"start":{"line":254,"column":49},"end":{"line":254,"column":69}}},"17":{"name":"(anonymous_17)","decl":{"start":{"line":259,"column":19},"end":{"line":259,"column":20}},"loc":{"start":{"line":259,"column":42},"end":{"line":260,"column":null}}},"18":{"name":"(anonymous_18)","decl":{"start":{"line":268,"column":41},"end":{"line":268,"column":null}},"loc":{"start":{"line":268,"column":41},"end":{"line":413,"column":1}}},"19":{"name":"(anonymous_19)","decl":{"start":{"line":272,"column":9},"end":{"line":272,"column":10}},"loc":{"start":{"line":272,"column":15},"end":{"line":272,"column":21}}},"20":{"name":"(anonymous_20)","decl":{"start":{"line":272,"column":20},"end":{"line":272,"column":21}},"loc":{"start":{"line":272,"column":25},"end":{"line":272,"column":31}}},"21":{"name":"(anonymous_21)","decl":{"start":{"line":272,"column":30},"end":{"line":272,"column":31}},"loc":{"start":{"line":272,"column":46},"end":{"line":412,"column":3}}},"22":{"name":"(anonymous_22)","decl":{"start":{"line":290,"column":22},"end":{"line":290,"column":null}},"loc":{"start":{"line":290,"column":22},"end":{"line":295,"column":15}}},"23":{"name":"(anonymous_23)","decl":{"start":{"line":296,"column":25},"end":{"line":296,"column":26}},"loc":{"start":{"line":296,"column":30},"end":{"line":307,"column":15}}},"24":{"name":"(anonymous_24)","decl":{"start":{"line":308,"column":23},"end":{"line":308,"column":null}},"loc":{"start":{"line":308,"column":23},"end":{"line":313,"column":15}}},"25":{"name":"(anonymous_25)","decl":{"start":{"line":314,"column":23},"end":{"line":314,"column":null}},"loc":{"start":{"line":314,"column":23},"end":{"line":319,"column":15}}},"26":{"name":"(anonymous_26)","decl":{"start":{"line":346,"column":22},"end":{"line":346,"column":null}},"loc":{"start":{"line":346,"column":22},"end":{"line":351,"column":15}}},"27":{"name":"(anonymous_27)","decl":{"start":{"line":352,"column":25},"end":{"line":352,"column":26}},"loc":{"start":{"line":352,"column":30},"end":{"line":365,"column":15}}},"28":{"name":"(anonymous_28)","decl":{"start":{"line":366,"column":23},"end":{"line":366,"column":null}},"loc":{"start":{"line":366,"column":23},"end":{"line":371,"column":15}}},"29":{"name":"(anonymous_29)","decl":{"start":{"line":372,"column":23},"end":{"line":372,"column":null}},"loc":{"start":{"line":372,"column":23},"end":{"line":377,"column":15}}}},"branchMap":{"0":{"loc":{"start":{"line":42,"column":31},"end":{"line":42,"column":null}},"type":"if","locations":[{"start":{"line":42,"column":31},"end":{"line":42,"column":null}}]},"1":{"loc":{"start":{"line":50,"column":4},"end":{"line":69,"column":5}},"type":"if","locations":[{"start":{"line":50,"column":4},"end":{"line":69,"column":5}}]},"2":{"loc":{"start":{"line":53,"column":6},"end":{"line":68,"column":7}},"type":"if","locations":[{"start":{"line":53,"column":6},"end":{"line":68,"column":7}},{"start":{"line":66,"column":13},"end":{"line":68,"column":7}}]},"3":{"loc":{"start":{"line":55,"column":8},"end":{"line":65,"column":9}},"type":"if","locations":[{"start":{"line":55,"column":8},"end":{"line":65,"column":9}},{"start":{"line":63,"column":15},"end":{"line":65,"column":9}}]},"4":{"loc":{"start":{"line":56,"column":10},"end":{"line":58,"column":32}},"type":"binary-expr","locations":[{"start":{"line":56,"column":10},"end":{"line":56,"column":20}},{"start":{"line":57,"column":10},"end":{"line":57,"column":36}},{"start":{"line":58,"column":10},"end":{"line":58,"column":32}}]},"5":{"loc":{"start":{"line":79,"column":4},"end":{"line":79,"column":25}},"type":"if","locations":[{"start":{"line":79,"column":4},"end":{"line":79,"column":25}}]},"6":{"loc":{"start":{"line":84,"column":6},"end":{"line":84,"column":29}},"type":"cond-expr","locations":[{"start":{"line":84,"column":25},"end":{"line":84,"column":29}},{"start":{"line":84,"column":25},"end":{"line":84,"column":29}}]},"7":{"loc":{"start":{"line":84,"column":6},"end":{"line":84,"column":29}},"type":"binary-expr","locations":[{"start":{"line":84,"column":6},"end":{"line":84,"column":29}},{"start":{"line":84,"column":25},"end":{"line":84,"column":29}}]},"8":{"loc":{"start":{"line":90,"column":8},"end":{"line":90,"column":38}},"type":"cond-expr","locations":[{"start":{"line":90,"column":30},"end":{"line":90,"column":33}},{"start":{"line":90,"column":30},"end":{"line":90,"column":38}}]},"9":{"loc":{"start":{"line":90,"column":8},"end":{"line":90,"column":33}},"type":"binary-expr","locations":[{"start":{"line":90,"column":8},"end":{"line":90,"column":33}},{"start":{"line":90,"column":30},"end":{"line":90,"column":33}}]},"10":{"loc":{"start":{"line":98,"column":6},"end":{"line":98,"column":35}},"type":"cond-expr","locations":[{"start":{"line":98,"column":26},"end":{"line":98,"column":29}},{"start":{"line":98,"column":26},"end":{"line":98,"column":35}}]},"11":{"loc":{"start":{"line":98,"column":6},"end":{"line":98,"column":29}},"type":"binary-expr","locations":[{"start":{"line":98,"column":6},"end":{"line":98,"column":29}},{"start":{"line":98,"column":26},"end":{"line":98,"column":29}}]},"12":{"loc":{"start":{"line":104,"column":6},"end":{"line":118,"column":7}},"type":"if","locations":[{"start":{"line":104,"column":6},"end":{"line":118,"column":7}}]},"13":{"loc":{"start":{"line":105,"column":8},"end":{"line":108,"column":9}},"type":"if","locations":[{"start":{"line":105,"column":8},"end":{"line":108,"column":9}}]},"14":{"loc":{"start":{"line":105,"column":12},"end":{"line":105,"column":54}},"type":"binary-expr","locations":[{"start":{"line":105,"column":12},"end":{"line":105,"column":31}},{"start":{"line":105,"column":35},"end":{"line":105,"column":54}}]},"15":{"loc":{"start":{"line":110,"column":8},"end":{"line":113,"column":9}},"type":"if","locations":[{"start":{"line":110,"column":8},"end":{"line":113,"column":9}}]},"16":{"loc":{"start":{"line":110,"column":12},"end":{"line":110,"column":54}},"type":"binary-expr","locations":[{"start":{"line":110,"column":12},"end":{"line":110,"column":31}},{"start":{"line":110,"column":35},"end":{"line":110,"column":54}}]},"17":{"loc":{"start":{"line":115,"column":8},"end":{"line":117,"column":9}},"type":"if","locations":[{"start":{"line":115,"column":8},"end":{"line":117,"column":9}}]},"18":{"loc":{"start":{"line":115,"column":12},"end":{"line":115,"column":54}},"type":"binary-expr","locations":[{"start":{"line":115,"column":12},"end":{"line":115,"column":31}},{"start":{"line":115,"column":35},"end":{"line":115,"column":54}}]},"19":{"loc":{"start":{"line":119,"column":6},"end":{"line":119,"column":35}},"type":"cond-expr","locations":[{"start":{"line":119,"column":26},"end":{"line":119,"column":29}},{"start":{"line":119,"column":26},"end":{"line":119,"column":35}}]},"20":{"loc":{"start":{"line":119,"column":6},"end":{"line":119,"column":29}},"type":"binary-expr","locations":[{"start":{"line":119,"column":6},"end":{"line":119,"column":29}},{"start":{"line":119,"column":26},"end":{"line":119,"column":29}}]},"21":{"loc":{"start":{"line":124,"column":4},"end":{"line":124,"column":35}},"type":"if","locations":[{"start":{"line":124,"column":4},"end":{"line":124,"column":35}}]},"22":{"loc":{"start":{"line":126,"column":4},"end":{"line":129,"column":5}},"type":"if","locations":[{"start":{"line":126,"column":4},"end":{"line":129,"column":5}}]},"23":{"loc":{"start":{"line":131,"column":4},"end":{"line":137,"column":5}},"type":"if","locations":[{"start":{"line":131,"column":4},"end":{"line":137,"column":5}}]},"24":{"loc":{"start":{"line":133,"column":6},"end":{"line":136,"column":7}},"type":"if","locations":[{"start":{"line":133,"column":6},"end":{"line":136,"column":7}}]},"25":{"loc":{"start":{"line":150,"column":4},"end":{"line":156,"column":5}},"type":"if","locations":[{"start":{"line":150,"column":4},"end":{"line":156,"column":5}}]},"26":{"loc":{"start":{"line":151,"column":6},"end":{"line":152,"column":50}},"type":"binary-expr","locations":[{"start":{"line":151,"column":6},"end":{"line":151,"column":44}},{"start":{"line":152,"column":6},"end":{"line":152,"column":50}}]},"27":{"loc":{"start":{"line":151,"column":6},"end":{"line":151,"column":25}},"type":"cond-expr","locations":[{"start":{"line":151,"column":13},"end":{"line":151,"column":15}},{"start":{"line":151,"column":13},"end":{"line":151,"column":25}}]},"28":{"loc":{"start":{"line":151,"column":6},"end":{"line":151,"column":15}},"type":"binary-expr","locations":[{"start":{"line":151,"column":6},"end":{"line":151,"column":15}},{"start":{"line":151,"column":13},"end":{"line":151,"column":15}}]},"29":{"loc":{"start":{"line":152,"column":6},"end":{"line":152,"column":25}},"type":"cond-expr","locations":[{"start":{"line":152,"column":13},"end":{"line":152,"column":15}},{"start":{"line":152,"column":13},"end":{"line":152,"column":25}}]},"30":{"loc":{"start":{"line":152,"column":6},"end":{"line":152,"column":15}},"type":"binary-expr","locations":[{"start":{"line":152,"column":6},"end":{"line":152,"column":15}},{"start":{"line":152,"column":13},"end":{"line":152,"column":15}}]},"31":{"loc":{"start":{"line":162,"column":4},"end":{"line":165,"column":5}},"type":"if","locations":[{"start":{"line":162,"column":4},"end":{"line":165,"column":5}}]},"32":{"loc":{"start":{"line":162,"column":8},"end":{"line":162,"column":57}},"type":"binary-expr","locations":[{"start":{"line":162,"column":8},"end":{"line":162,"column":37}},{"start":{"line":162,"column":41},"end":{"line":162,"column":57}}]},"33":{"loc":{"start":{"line":179,"column":4},"end":{"line":189,"column":5}},"type":"if","locations":[{"start":{"line":179,"column":4},"end":{"line":189,"column":5}},{"start":{"line":187,"column":11},"end":{"line":189,"column":5}}]},"34":{"loc":{"start":{"line":179,"column":8},"end":{"line":179,"column":27}},"type":"cond-expr","locations":[{"start":{"line":179,"column":15},"end":{"line":179,"column":17}},{"start":{"line":179,"column":15},"end":{"line":179,"column":27}}]},"35":{"loc":{"start":{"line":179,"column":8},"end":{"line":179,"column":17}},"type":"binary-expr","locations":[{"start":{"line":179,"column":8},"end":{"line":179,"column":17}},{"start":{"line":179,"column":15},"end":{"line":179,"column":17}}]},"36":{"loc":{"start":{"line":181,"column":24},"end":{"line":181,"column":78}},"type":"cond-expr","locations":[{"start":{"line":181,"column":51},"end":{"line":181,"column":55}},{"start":{"line":181,"column":58},"end":{"line":181,"column":78}}]},"37":{"loc":{"start":{"line":196,"column":4},"end":{"line":199,"column":5}},"type":"if","locations":[{"start":{"line":196,"column":4},"end":{"line":199,"column":5}}]},"38":{"loc":{"start":{"line":201,"column":4},"end":{"line":210,"column":5}},"type":"if","locations":[{"start":{"line":201,"column":4},"end":{"line":210,"column":5}}]},"39":{"loc":{"start":{"line":202,"column":6},"end":{"line":208,"column":7}},"type":"if","locations":[{"start":{"line":202,"column":6},"end":{"line":208,"column":7}}]},"40":{"loc":{"start":{"line":214,"column":11},"end":{"line":214,"column":30}},"type":"cond-expr","locations":[{"start":{"line":214,"column":18},"end":{"line":214,"column":20}},{"start":{"line":214,"column":18},"end":{"line":214,"column":30}}]},"41":{"loc":{"start":{"line":214,"column":11},"end":{"line":214,"column":20}},"type":"binary-expr","locations":[{"start":{"line":214,"column":11},"end":{"line":214,"column":20}},{"start":{"line":214,"column":18},"end":{"line":214,"column":20}}]},"42":{"loc":{"start":{"line":275,"column":4},"end":{"line":277,"column":5}},"type":"if","locations":[{"start":{"line":275,"column":4},"end":{"line":277,"column":5}}]},"43":{"loc":{"start":{"line":279,"column":4},"end":{"line":409,"column":5}},"type":"switch","locations":[{"start":{"line":280,"column":6},"end":{"line":326,"column":7}},{"start":{"line":328,"column":6},"end":{"line":334,"column":7}},{"start":{"line":336,"column":6},"end":{"line":384,"column":7}},{"start":{"line":386,"column":6},"end":{"line":392,"column":7}},{"start":{"line":394,"column":6},"end":{"line":403,"column":7}},{"start":{"line":405,"column":6},"end":{"line":408,"column":7}}]},"44":{"loc":{"start":{"line":281,"column":8},"end":{"line":283,"column":9}},"type":"if","locations":[{"start":{"line":281,"column":8},"end":{"line":283,"column":9}}]},"45":{"loc":{"start":{"line":281,"column":12},"end":{"line":281,"column":37}},"type":"cond-expr","locations":[{"start":{"line":281,"column":22},"end":{"line":281,"column":24}},{"start":{"line":281,"column":12},"end":{"line":281,"column":37}}]},"46":{"loc":{"start":{"line":281,"column":12},"end":{"line":281,"column":24}},"type":"binary-expr","locations":[{"start":{"line":281,"column":12},"end":{"line":281,"column":24}},{"start":{"line":281,"column":12},"end":{"line":281,"column":24}}]},"47":{"loc":{"start":{"line":285,"column":8},"end":{"line":324,"column":9}},"type":"if","locations":[{"start":{"line":285,"column":8},"end":{"line":324,"column":9}}]},"48":{"loc":{"start":{"line":297,"column":16},"end":{"line":306,"column":17}},"type":"if","locations":[{"start":{"line":297,"column":16},"end":{"line":306,"column":17}}]},"49":{"loc":{"start":{"line":329,"column":8},"end":{"line":332,"column":9}},"type":"if","locations":[{"start":{"line":329,"column":8},"end":{"line":332,"column":9}}]},"50":{"loc":{"start":{"line":337,"column":8},"end":{"line":339,"column":9}},"type":"if","locations":[{"start":{"line":337,"column":8},"end":{"line":339,"column":9}}]},"51":{"loc":{"start":{"line":337,"column":12},"end":{"line":337,"column":46}},"type":"cond-expr","locations":[{"start":{"line":337,"column":31},"end":{"line":337,"column":33}},{"start":{"line":337,"column":12},"end":{"line":337,"column":46}}]},"52":{"loc":{"start":{"line":337,"column":12},"end":{"line":337,"column":33}},"type":"binary-expr","locations":[{"start":{"line":337,"column":12},"end":{"line":337,"column":33}},{"start":{"line":337,"column":12},"end":{"line":337,"column":33}}]},"53":{"loc":{"start":{"line":341,"column":8},"end":{"line":382,"column":9}},"type":"if","locations":[{"start":{"line":341,"column":8},"end":{"line":382,"column":9}}]},"54":{"loc":{"start":{"line":353,"column":16},"end":{"line":364,"column":17}},"type":"if","locations":[{"start":{"line":353,"column":16},"end":{"line":364,"column":17}},{"start":{"line":358,"column":23},"end":{"line":364,"column":17}}]},"55":{"loc":{"start":{"line":362,"column":22},"end":{"line":362,"column":76}},"type":"binary-expr","locations":[{"start":{"line":362,"column":22},"end":{"line":362,"column":34}},{"start":{"line":362,"column":38},"end":{"line":362,"column":76}}]},"56":{"loc":{"start":{"line":387,"column":8},"end":{"line":390,"column":9}},"type":"if","locations":[{"start":{"line":387,"column":8},"end":{"line":390,"column":9}}]},"57":{"loc":{"start":{"line":397,"column":8},"end":{"line":401,"column":9}},"type":"if","locations":[{"start":{"line":397,"column":8},"end":{"line":401,"column":9}},{"start":{"line":399,"column":15},"end":{"line":401,"column":9}}]},"58":{"loc":{"start":{"line":397,"column":12},"end":{"line":397,"column":37}},"type":"cond-expr","locations":[{"start":{"line":397,"column":22},"end":{"line":397,"column":24}},{"start":{"line":397,"column":12},"end":{"line":397,"column":37}}]},"59":{"loc":{"start":{"line":397,"column":12},"end":{"line":397,"column":24}},"type":"binary-expr","locations":[{"start":{"line":397,"column":12},"end":{"line":397,"column":24}},{"start":{"line":397,"column":12},"end":{"line":397,"column":24}}]},"60":{"loc":{"start":{"line":399,"column":15},"end":{"line":401,"column":9}},"type":"if","locations":[{"start":{"line":399,"column":15},"end":{"line":401,"column":9}}]},"61":{"loc":{"start":{"line":399,"column":19},"end":{"line":399,"column":53}},"type":"cond-expr","locations":[{"start":{"line":399,"column":38},"end":{"line":399,"column":40}},{"start":{"line":399,"column":19},"end":{"line":399,"column":53}}]},"62":{"loc":{"start":{"line":399,"column":19},"end":{"line":399,"column":40}},"type":"binary-expr","locations":[{"start":{"line":399,"column":19},"end":{"line":399,"column":40}},{"start":{"line":399,"column":19},"end":{"line":399,"column":40}}]}},"s":{"0":0,"1":0,"2":0,"3":0,"4":0,"5":0,"6":0,"7":0,"8":0,"9":0,"10":0,"11":0,"12":0,"13":0,"14":0,"15":0,"16":0,"17":0,"18":0,"19":0,"20":0,"21":0,"22":0,"23":0,"24":0,"25":0,"26":0,"27":0,"28":0,"29":0,"30":0,"31":0,"32":0,"33":0,"34":0,"35":0,"36":0,"37":0,"38":0,"39":0,"40":0,"41":0,"42":0,"43":0,"44":0,"45":0,"46":0,"47":0,"48":0,"49":0,"50":0,"51":0,"52":0,"53":0,"54":0,"55":0,"56":0,"57":0,"58":0,"59":0,"60":0,"61":0,"62":0,"63":0,"64":0,"65":0,"66":0,"67":0,"68":0,"69":0,"70":0,"71":0,"72":0,"73":0,"74":0,"75":0,"76":0,"77":0,"78":0,"79":0,"80":0,"81":0,"82":0,"83":0,"84":0,"85":0,"86":0,"87":0,"88":0,"89":0,"90":0,"91":0,"92":0,"93":0,"94":0,"95":0,"96":0,"97":0,"98":0,"99":0,"100":0,"101":0,"102":0,"103":0,"104":0,"105":0,"106":0,"107":0,"108":0,"109":0,"110":0,"111":0,"112":0,"113":0,"114":0,"115":0,"116":0,"117":0,"118":0,"119":0,"120":0,"121":0,"122":0,"123":0,"124":0,"125":0,"126":0,"127":0,"128":0,"129":0,"130":0,"131":0,"132":0,"133":0,"134":0,"135":0,"136":0,"137":0,"138":0,"139":0,"140":0,"141":0,"142":0,"143":0,"144":0,"145":0,"146":0,"147":0,"148":0,"149":0,"150":0,"151":0,"152":0,"153":0,"154":0,"155":0,"156":0,"157":0,"158":0,"159":0,"160":0,"161":0,"162":0,"163":0,"164":0,"165":0,"166":0,"167":0,"168":0,"169":0,"170":0,"171":0,"172":0,"173":0,"174":0},"f":{"0":0,"1":0,"2":0,"3":0,"4":0,"5":0,"6":0,"7":0,"8":0,"9":0,"10":0,"11":0,"12":0,"13":0,"14":0,"15":0,"16":0,"17":0,"18":0,"19":0,"20":0,"21":0,"22":0,"23":0,"24":0,"25":0,"26":0,"27":0,"28":0,"29":0},"b":{"0":[0],"1":[0],"2":[0,0],"3":[0,0],"4":[0,0,0],"5":[0],"6":[0,0],"7":[0,0],"8":[0,0],"9":[0,0],"10":[0,0],"11":[0,0],"12":[0],"13":[0],"14":[0,0],"15":[0],"16":[0,0],"17":[0],"18":[0,0],"19":[0,0],"20":[0,0],"21":[0],"22":[0],"23":[0],"24":[0],"25":[0],"26":[0,0],"27":[0,0],"28":[0,0],"29":[0,0],"30":[0,0],"31":[0],"32":[0,0],"33":[0,0],"34":[0,0],"35":[0,0],"36":[0,0],"37":[0],"38":[0],"39":[0],"40":[0,0],"41":[0,0],"42":[0],"43":[0,0,0,0,0,0],"44":[0],"45":[0,0],"46":[0,0],"47":[0],"48":[0],"49":[0],"50":[0],"51":[0,0],"52":[0,0],"53":[0],"54":[0,0],"55":[0,0],"56":[0],"57":[0,0],"58":[0,0],"59":[0,0],"60":[0],"61":[0,0],"62":[0,0]}}
}
